[{"item":"7zip-min","response":"success"},{"item":"a-big-triangle","response":"success"},{"item":"a11y-dialog","response":"success"},{"item":"abbrev","response":"success"},{"item":"abs","response":"success"},{"item":"absolute","response":"success"},{"item":"abstract-leveldown","response":"error","message":"Error: Command failed: npx ttsc --project tsconfig.types.0.json\nCannot read property 'kind' of undefined\n"},{"item":"acc-wizard","response":"error","message":"Error: Command failed: npx ttsc --project tsconfig.types.0.json\nCannot read property '0' of undefined\n"},{"item":"accept","response":"success"},{"item":"accept-language-parser","response":"success"},{"item":"accepts","response":"success"},{"item":"accounting","response":"error","message":"Error: Command failed: npx ttsc --project tsconfig.types.0.json\nCannot read property 'kind' of undefined\n"},{"item":"accurate-interval","response":"success"},{"item":"ace","response":"error","message":"Error: Command failed: npx ttsc --project tsconfig.types.0.json\nCannot read property '0' of undefined\n"},{"item":"ace-diff","response":"success"},{"item":"acl","response":"error","message":"Error: Command failed: npx ttsc --project tsconfig.types.0.json\nCannot read property 'find' of undefined\n"},{"item":"acorn","response":"error","message":"Error: Command failed: npx ttsc --project tsconfig.types.0.json\nCannot read property 'find' of undefined\n"},{"item":"actioncable","response":"error","message":"Error: Command failed: npx ttsc --project tsconfig.types.0.json\nCannot read property '0' of undefined\n"},{"item":"activedirectory2","response":"error","message":"Error: Command failed: npx ttsc --project tsconfig.types.0.json\n\n../DefinitelyTyped/types/activedirectory2/index.d.ts(7,24): error TS2307: Cannot find module 'ldapjs'.\n"},{"item":"activestorage","response":"success"},{"item":"activex-access","response":"error","message":"Error: Command failed: npx ttsc --project tsconfig.types.0.json\nCannot read property '0' of undefined\n"},{"item":"activex-adodb","response":"error","message":"Error: Command failed: npx ttsc --project tsconfig.types.0.json\nCannot read property '0' of undefined\n"},{"item":"activex-adox","response":"error","message":"Error: Command failed: npx ttsc --project tsconfig.types.0.json\nCannot read property '0' of undefined\n"},{"item":"activex-dao","response":"error","message":"Error: Command failed: npx ttsc --project tsconfig.types.0.json\nCannot read property '0' of undefined\n"},{"item":"activex-diskquota","response":"error","message":"Error: Command failed: npx ttsc --project tsconfig.types.0.json\nCannot read property '0' of undefined\n"},{"item":"activex-excel","response":"error","message":"Error: Command failed: npx ttsc --project tsconfig.types.0.json\nCannot read property '0' of undefined\n"},{"item":"activex-faxcomexlib","response":"error","message":"Error: Command failed: npx ttsc --project tsconfig.types.0.json\nCannot read property '0' of undefined\n"},{"item":"activex-infopath","response":"error","message":"Error: Command failed: npx ttsc --project tsconfig.types.0.json\nCannot read property '0' of undefined\n"},{"item":"activex-interop","response":"error","message":"Error: Command failed: npx ttsc --project tsconfig.types.0.json\nCannot read property '0' of undefined\n"},{"item":"activex-iwshruntimelibrary","response":"error","message":"Error: Command failed: npx ttsc --project tsconfig.types.0.json\nCannot read property '0' of undefined\n"},{"item":"activex-libreoffice","response":"error","message":"Error: Command failed: npx ttsc --project tsconfig.types.0.json\nCannot read property '0' of undefined\n"},{"item":"activex-msforms","response":"error","message":"Error: Command failed: npx ttsc --project tsconfig.types.1.json\nCannot read property '0' of undefined\n"},{"item":"activex-mshtml","response":"error","message":"Error: Command failed: npx ttsc --project tsconfig.types.1.json\nCannot read property '0' of undefined\n"},{"item":"activex-msxml2","response":"error","message":"Error: Command failed: npx ttsc --project tsconfig.types.1.json\nCannot read property '0' of undefined\n"},{"item":"activex-office","response":"error","message":"Error: Command failed: npx ttsc --project tsconfig.types.1.json\nCannot read property '0' of undefined\n"},{"item":"activex-outlook","response":"error","message":"Error: Command failed: npx ttsc --project tsconfig.types.1.json\nCannot read property '0' of undefined\n"},{"item":"activex-powerpoint","response":"error","message":"Error: Command failed: npx ttsc --project tsconfig.types.1.json\nCannot read property '0' of undefined\n"},{"item":"activex-scripting","response":"error","message":"Error: Command failed: npx ttsc --project tsconfig.types.1.json\nCannot read property '0' of undefined\n"},{"item":"activex-shdocvw","response":"error","message":"Error: Command failed: npx ttsc --project tsconfig.types.1.json\nCannot read property '0' of undefined\n"},{"item":"activex-shell","response":"error","message":"Error: Command failed: npx ttsc --project tsconfig.types.1.json\nCannot read property '0' of undefined\n"},{"item":"activex-stdole","response":"error","message":"Error: Command failed: npx ttsc --project tsconfig.types.1.json\nCannot read property '0' of undefined\n"},{"item":"activex-vbide","response":"error","message":"Error: Command failed: npx ttsc --project tsconfig.types.1.json\nCannot read property '0' of undefined\n"},{"item":"activex-wia","response":"error","message":"Error: Command failed: npx ttsc --project tsconfig.types.1.json\nCannot read property '0' of undefined\n"},{"item":"activex-word","response":"error","message":"Error: Command failed: npx ttsc --project tsconfig.types.1.json\nCannot read property '0' of undefined\n"},{"item":"adal-angular","response":"success"},{"item":"add-zero","response":"success"},{"item":"add2home","response":"error","message":"Error: Command failed: npx ttsc --project tsconfig.types.1.json\nCannot read property '0' of undefined\n"},{"item":"adhan","response":"success"},{"item":"adlib","response":"success"},{"item":"adm-zip","response":"warning","message":"\u001b[33mWARNING\u001b[39m: Transformer - Not supported type: BigIntKeyword - it will convert to null\n\u001b[33mWARNING\u001b[39m: Transformer - Not supported type: BigIntKeyword - it will convert to null\n\u001b[33mWARNING\u001b[39m: Transformer - Not supported type: BigIntKeyword - it will convert to null\n\u001b[33mWARNING\u001b[39m: Transformer - Not supported type: BigIntKeyword - it will convert to null"},{"item":"adone","response":"error","message":"Error: Command failed: npx ttsc --project tsconfig.types.1.json\n\n\u001b[33mWARNING\u001b[39m: Transformer - Not supported type: TypeQuery of ModuleDeclaration - it will convert to null\n../DefinitelyTyped/types/adone/adone.d.ts(2,23): error TS2688: Cannot find type definition file for 'lodash'.\n../DefinitelyTyped/types/adone/adone.d.ts(3,23): error TS2688: Cannot find type definition file for 'benchmark'.\n../DefinitelyTyped/types/adone/adone.d.ts(4,23): error TS2688: Cannot find type definition file for 'async'.\n../DefinitelyTyped/types/adone/adone.d.ts(113,26): error TS2503: Cannot find namespace '_'.\n../DefinitelyTyped/types/adone/benchmark.d.ts(1,28): error TS2307: Cannot find module 'benchmark'.\n"},{"item":"aes-js","response":"warning","message":"\u001b[33mWARNING\u001b[39m: Transformer - Not supported type: TypeQuery of ModuleDeclaration - it will convert to null\n\u001b[33mWARNING\u001b[39m: Transformer - Not supported type: TypeQuery of ModuleDeclaration - it will convert to null\n\u001b[33mWARNING\u001b[39m: Transformer - Not supported type: TypeQuery of ModuleDeclaration - it will convert to null"},{"item":"aframe","response":"error","message":"Error: Command failed: npx ttsc --project tsconfig.types.1.json\nCannot read property 'name' of undefined\n\n\u001b[33mWARNING\u001b[39m: Transformer - Not supported type: TypeQuery of ModuleDeclaration - it will convert to null\n\u001b[33mWARNING\u001b[39m: Transformer - Not supported type: SetAccessor - it will convert to null\n\u001b[33mWARNING\u001b[39m: Transformer - Not supported type: TypeQuery of ModuleDeclaration - it will convert to null\n\u001b[33mWARNING\u001b[39m: Transformer - Not supported type: TypeQuery of ModuleDeclaration - it will convert to null\n"},{"item":"agenda","response":"error","message":"Error: Command failed: npx ttsc --project tsconfig.types.1.json\nCannot read property 'find' of undefined\n"},{"item":"agent-base","response":"success"},{"item":"agiledigital__mule-preview","response":"error","message":"Error: Command failed: npx ttsc --project tsconfig.types.1.json\nCannot read property 'find' of undefined\n\n\u001b[33mWARNING\u001b[39m: Transformer - Not supported type: TypeOperator - it will convert to null\n\u001b[33mWARNING\u001b[39m: Transformer - Not supported type: TypeOperator - it will convert to null\n"},{"item":"agilite","response":"success"},{"item":"agora-rtc-sdk","response":"warning","message":"\u001b[33mWARNING\u001b[39m: Transformer - Not supported type: TypeQuery of ModuleDeclaration - it will convert to null"},{"item":"airbnb-prop-types","response":"error","message":"Error: Command failed: npx ttsc --project tsconfig.types.2.json\nCannot read property 'find' of undefined\n"},{"item":"airtable","response":"success"},{"item":"ajv-async","response":"success"},{"item":"ajv-errors","response":"success"},{"item":"ajv-keywords","response":"success"},{"item":"ajv-merge-patch","response":"success"},{"item":"ajv-pack","response":"success"},{"item":"akamai-edgeworkers","response":"error","message":"Error: Command failed: npx ttsc --project tsconfig.types.2.json\nCannot read property '0' of undefined\n"},{"item":"akumina-core","response":"error","message":"Error: Command failed: npx ttsc --project tsconfig.types.2.json\n\n\u001b[33mWARNING\u001b[39m: Transformer - Not supported type: TypeQuery of ModuleDeclaration - it will convert to null\n\u001b[33mWARNING\u001b[39m: Transformer - Not supported type: TypeQuery of ModuleDeclaration - it will convert to null\n\u001b[33mWARNING\u001b[39m: Transformer - Not supported type: TypeQuery of ModuleDeclaration - it will convert to null\n../DefinitelyTyped/types/akumina-core/index.d.ts(9,23): error TS2688: Cannot find type definition file for 'jquery'.\n../DefinitelyTyped/types/akumina-core/index.d.ts(209,50): error TS2304: Cannot find name 'JQueryDeferred'.\n../DefinitelyTyped/types/akumina-core/index.d.ts(298,39): error TS2304: Cannot find name 'JQueryDeferred'.\n../DefinitelyTyped/types/akumina-core/index.d.ts(365,52): error TS2304: Cannot find name 'JQueryDeferred'.\n../DefinitelyTyped/types/akumina-core/index.d.ts(370,54): error TS2304: Cannot find name 'JQueryDeferred'.\n../DefinitelyTyped/types/akumina-core/index.d.ts(403,53): error TS2304: Cannot find name 'JQueryDeferred'.\n../DefinitelyTyped/types/akumina-core/index.d.ts(464,36): error TS2304: Cannot find name 'JQueryDeferred'.\n../DefinitelyTyped/types/akumina-core/index.d.ts(468,53): error TS2304: Cannot find name 'JQueryDeferred'.\n../DefinitelyTyped/types/akumina-core/index.d.ts(469,58): error TS2304: Cannot find name 'JQueryDeferred'.\n../DefinitelyTyped/types/akumina-core/index.d.ts(470,62): error TS2304: Cannot find name 'JQueryDeferred'.\n../DefinitelyTyped/types/akumina-core/index.d.ts(471,51): error TS2304: Cannot find name 'JQueryDeferred'.\n../DefinitelyTyped/types/akumina-core/index.d.ts(472,35): error TS2304: Cannot find name 'JQueryDeferred'.\n../DefinitelyTyped/types/akumina-core/index.d.ts(558,73): error TS2304: Cannot find name 'JQueryDeferred'.\n../DefinitelyTyped/types/akumina-core/index.d.ts(560,96): error TS2304: Cannot find name 'JQueryDeferred'.\n../DefinitelyTyped/types/akumina-core/index.d.ts(562,63): error TS2304: Cannot find name 'JQueryDeferred'.\n../DefinitelyTyped/types/akumina-core/index.d.ts(565,32): error TS2304: Cannot find name 'JQueryDeferred'.\n../DefinitelyTyped/types/akumina-core/index.d.ts(567,30): error TS2304: Cannot find name 'JQueryDeferred'.\n../DefinitelyTyped/types/akumina-core/index.d.ts(571,39): error TS2304: Cannot find name 'JQueryDeferred'.\n../DefinitelyTyped/types/akumina-core/index.d.ts(575,53): error TS2304: Cannot find name 'JQueryDeferred'.\n../DefinitelyTyped/types/akumina-core/index.d.ts(579,40): error TS2304: Cannot find name 'JQueryDeferred'.\n../DefinitelyTyped/types/akumina-core/index.d.ts(584,53): error TS2304: Cannot find name 'JQueryDeferred'.\n../DefinitelyTyped/types/akumina-core/index.d.ts(589,86): error TS2304: Cannot find name 'JQueryDeferred'.\n../DefinitelyTyped/types/akumina-core/index.d.ts(597,60): error TS2304: Cannot find name 'JQueryDeferred'.\n../DefinitelyTyped/types/akumina-core/index.d.ts(613,52): error TS2304: Cannot find name 'JQueryDeferred'.\n../DefinitelyTyped/types/akumina-core/index.d.ts(645,70): error TS2304: Cannot find name 'JQueryDeferred'.\n../DefinitelyTyped/types/akumina-core/index.d.ts(651,53): error TS2304: Cannot find name 'JQueryDeferred'.\n../DefinitelyTyped/types/akumina-core/index.d.ts(657,58): error TS2304: Cannot find name 'JQueryDeferred'.\n../DefinitelyTyped/types/akumina-core/index.d.ts(664,83): error TS2304: Cannot find name 'JQueryDeferred'.\n../DefinitelyTyped/types/akumina-core/index.d.ts(670,62): error TS2304: Cannot find name 'JQueryDeferred'.\n../DefinitelyTyped/types/akumina-core/index.d.ts(677,77): error TS2304: Cannot find name 'JQueryDeferred'.\n../DefinitelyTyped/types/akumina-core/index.d.ts(686,110): error TS2304: Cannot find name 'JQueryDeferred'.\n../DefinitelyTyped/types/akumina-core/index.d.ts(695,101): error TS2304: Cannot find name 'JQueryDeferred'.\n../DefinitelyTyped/types/akumina-core/index.d.ts(705,131): error TS2304: Cannot find name 'JQueryDeferred'.\n../DefinitelyTyped/types/akumina-core/index.d.ts(711,59): error TS2304: Cannot find name 'JQueryDeferred'.\n../DefinitelyTyped/types/akumina-core/index.d.ts(714,36): error TS2304: Cannot find name 'JQueryDeferred'.\n../DefinitelyTyped/types/akumina-core/index.d.ts(720,39): error TS2304: Cannot find name 'JQueryDeferred'.\n../DefinitelyTyped/types/akumina-core/index.d.ts(726,50): error TS2304: Cannot find name 'JQueryDeferred'.\n../DefinitelyTyped/types/akumina-core/index.d.ts(732,95): error TS2304: Cannot find name 'JQueryDeferred'.\n../DefinitelyTyped/types/akumina-core/index.d.ts(738,55): error TS2304: Cannot find name 'JQueryDeferred'.\n../DefinitelyTyped/types/akumina-core/index.d.ts(746,95): error TS2304: Cannot find name 'JQueryDeferred'.\n../DefinitelyTyped/types/akumina-core/index.d.ts(747,93): error TS2304: Cannot find name 'JQueryDeferred'.\n../DefinitelyTyped/types/akumina-core/index.d.ts(748,116): error TS2304: Cannot find name 'JQueryDeferred'.\n../DefinitelyTyped/types/akumina-core/index.d.ts(749,117): error TS2304: Cannot find name 'JQueryDeferred'.\n../DefinitelyTyped/types/akumina-core/index.d.ts(757,106): error TS2304: Cannot find name 'JQueryDeferred'.\n../DefinitelyTyped/types/akumina-core/index.d.ts(759,97): error TS2304: Cannot find name 'JQueryDeferred'.\n../DefinitelyTyped/types/akumina-core/index.d.ts(774,83): error TS2304: Cannot find name 'JQueryDeferred'.\n../DefinitelyTyped/types/akumina-core/index.d.ts(783,85): error TS2304: Cannot find name 'JQueryDeferred'.\n../DefinitelyTyped/types/akumina-core/index.d.ts(791,85): error TS2304: Cannot find name 'JQueryDeferred'.\n../DefinitelyTyped/types/akumina-core/index.d.ts(798,67): error TS2304: Cannot find name 'JQueryDeferred'.\n../DefinitelyTyped/types/akumina-core/index.d.ts(804,68): error TS2304: Cannot find name 'JQueryDeferred'.\n../DefinitelyTyped/types/akumina-core/index.d.ts(809,106): error TS2304: Cannot find name 'JQueryDeferred'.\n../DefinitelyTyped/types/akumina-core/index.d.ts(810,102): error TS2304: Cannot find name 'JQueryDeferred'.\n../DefinitelyTyped/types/akumina-core/index.d.ts(817,95): error TS2304: Cannot find name 'JQueryDeferred'.\n../DefinitelyTyped/types/akumina-core/index.d.ts(823,93): error TS2304: Cannot find name 'JQueryDeferred'.\n../DefinitelyTyped/types/akumina-core/index.d.ts(829,53): error TS2304: Cannot find name 'JQueryDeferred'.\n../DefinitelyTyped/types/akumina-core/index.d.ts(837,106): error TS2304: Cannot find name 'JQueryDeferred'.\n../DefinitelyTyped/types/akumina-core/index.d.ts(843,37): error TS2304: Cannot find name 'JQueryDeferred'.\n../DefinitelyTyped/types/akumina-core/index.d.ts(845,40): error TS2304: Cannot find name 'JQueryDeferred'.\n../DefinitelyTyped/types/akumina-core/index.d.ts(849,71): error TS2304: Cannot find name 'JQueryDeferred'.\n../DefinitelyTyped/types/akumina-core/index.d.ts(854,36): error TS2304: Cannot find name 'JQueryDeferred'.\n../DefinitelyTyped/types/akumina-core/index.d.ts(859,73): error TS2304: Cannot find name 'JQueryDeferred'.\n../DefinitelyTyped/types/akumina-core/index.d.ts(863,36): error TS2304: Cannot find name 'JQueryDeferred'.\n../DefinitelyTyped/types/akumina-core/index.d.ts(870,66): error TS2304: Cannot find name 'JQueryDeferred'.\n../DefinitelyTyped/types/akumina-core/index.d.ts(911,89): error TS2304: Cannot find name 'JQueryDeferred'.\n../DefinitelyTyped/types/akumina-core/index.d.ts(917,67): error TS2304: Cannot find name 'JQueryDeferred'.\n../DefinitelyTyped/types/akumina-core/index.d.ts(923,59): error TS2304: Cannot find name 'JQueryDeferred'.\n../DefinitelyTyped/types/akumina-core/index.d.ts(929,62): error TS2304: Cannot find name 'JQueryDeferred'.\n../DefinitelyTyped/types/akumina-core/index.d.ts(935,91): error TS2304: Cannot find name 'JQueryDeferred'.\n../DefinitelyTyped/types/akumina-core/index.d.ts(940,43): error TS2304: Cannot find name 'JQueryDeferred'.\n../DefinitelyTyped/types/akumina-core/index.d.ts(947,50): error TS2304: Cannot find name 'JQueryDeferred'.\n../DefinitelyTyped/types/akumina-core/index.d.ts(953,44): error TS2304: Cannot find name 'JQueryDeferred'.\n../DefinitelyTyped/types/akumina-core/index.d.ts(959,48): error TS2304: Cannot find name 'JQueryDeferred'.\n../DefinitelyTyped/types/akumina-core/index.d.ts(966,71): error TS2304: Cannot find name 'JQueryDeferred'.\n../DefinitelyTyped/types/akumina-core/index.d.ts(972,71): error TS2304: Cannot find name 'JQueryDeferred'.\n../DefinitelyTyped/types/akumina-core/index.d.ts(978,55): error TS2304: Cannot find name 'JQueryDeferred'.\n../DefinitelyTyped/types/akumina-core/index.d.ts(984,45): error TS2304: Cannot find name 'JQueryDeferred'.\n../DefinitelyTyped/types/akumina-core/index.d.ts(990,62): error TS2304: Cannot find name 'JQueryDeferred'.\n../DefinitelyTyped/types/akumina-core/index.d.ts(996,66): error TS2304: Cannot find name 'JQueryDeferred'.\n../DefinitelyTyped/types/akumina-core/index.d.ts(1002,59): error TS2304: Cannot find name 'JQueryDeferred'.\n../DefinitelyTyped/types/akumina-core/index.d.ts(1008,41): error TS2304: Cannot find name 'JQueryDeferred'.\n../DefinitelyTyped/types/akumina-core/index.d.ts(1014,71): error TS2304: Cannot find name 'JQueryDeferred'.\n../DefinitelyTyped/types/akumina-core/index.d.ts(1019,40): error TS2304: Cannot find name 'JQueryDeferred'.\n../DefinitelyTyped/types/akumina-core/index.d.ts(1025,60): error TS2304: Cannot find name 'JQueryDeferred'.\n../DefinitelyTyped/types/akumina-core/index.d.ts(1030,36): error TS2304: Cannot find name 'JQueryDeferred'.\n../DefinitelyTyped/types/akumina-core/index.d.ts(1035,35): error TS2304: Cannot find name 'JQueryDeferred'.\n../DefinitelyTyped/types/akumina-core/index.d.ts(1042,69): error TS2304: Cannot find name 'JQueryDeferred'.\n../DefinitelyTyped/types/akumina-core/index.d.ts(1048,44): error TS2304: Cannot find name 'JQueryDeferred'.\n../DefinitelyTyped/types/akumina-core/index.d.ts(1053,44): error TS2304: Cannot find name 'JQueryDeferred'.\n../DefinitelyTyped/types/akumina-core/index.d.ts(1058,41): error TS2304: Cannot find name 'JQueryDeferred'.\n../DefinitelyTyped/types/akumina-core/index.d.ts(1064,44): error TS2304: Cannot find name 'JQueryDeferred'.\n../DefinitelyTyped/types/akumina-core/index.d.ts(1070,44): error TS2304: Cannot find name 'JQueryDeferred'.\n../DefinitelyTyped/types/akumina-core/index.d.ts(1076,83): error TS2304: Cannot find name 'JQueryDeferred'.\n../DefinitelyTyped/types/akumina-core/index.d.ts(1091,67): error TS2304: Cannot find name 'JQueryDeferred'.\n../DefinitelyTyped/types/akumina-core/index.d.ts(1092,34): error TS2304: Cannot find name 'JQueryDeferred'.\n../DefinitelyTyped/types/akumina-core/index.d.ts(1098,49): error TS2304: Cannot find name 'JQueryDeferred'.\n../DefinitelyTyped/types/akumina-core/index.d.ts(1104,50): error TS2304: Cannot find name 'JQueryDeferred'.\n../DefinitelyTyped/types/akumina-core/index.d.ts(1111,70): error TS2304: Cannot find name 'JQueryDeferred'.\n../DefinitelyTyped/types/akumina-core/index.d.ts(1118,61): error TS2304: Cannot find name 'JQueryDeferred'.\n../DefinitelyTyped/types/akumina-core/index.d.ts(1124,62): error TS2304: Cannot find name 'JQueryDeferred'.\n../DefinitelyTyped/types/akumina-core/index.d.ts(1131,83): error TS2304: Cannot find name 'JQueryDeferred'.\n../DefinitelyTyped/types/akumina-core/index.d.ts(1138,73): error TS2304: Cannot find name 'JQueryDeferred'.\n../DefinitelyTyped/types/akumina-core/index.d.ts(1147,110): error TS2304: Cannot find name 'JQueryDeferred'.\n../DefinitelyTyped/types/akumina-core/index.d.ts(1157,98): error TS2304: Cannot find name 'JQueryDeferred'.\n../DefinitelyTyped/types/akumina-core/index.d.ts(1168,57): error TS2304: Cannot find name 'JQueryDeferred'.\n../DefinitelyTyped/types/akumina-core/index.d.ts(1178,137): error TS2304: Cannot find name 'JQueryDeferred'.\n../DefinitelyTyped/types/akumina-core/index.d.ts(1183,35): error TS2304: Cannot find name 'JQueryDeferred'.\n../DefinitelyTyped/types/akumina-core/index.d.ts(1195,67): error TS2304: Cannot find name 'JQueryDeferred'.\n../DefinitelyTyped/types/akumina-core/index.d.ts(1201,48): error TS2304: Cannot find name 'JQueryDeferred'.\n../DefinitelyTyped/types/akumina-core/index.d.ts(1208,58): error TS2304: Cannot find name 'JQueryDeferred'.\n../DefinitelyTyped/types/akumina-core/index.d.ts(1214,64): error TS2304: Cannot find name 'JQueryDeferred'.\n../DefinitelyTyped/types/akumina-core/index.d.ts(1220,56): error TS2304: Cannot find name 'JQueryDeferred'.\n../DefinitelyTyped/types/akumina-core/index.d.ts(1226,52): error TS2304: Cannot find name 'JQueryDeferred'.\n../DefinitelyTyped/types/akumina-core/index.d.ts(1232,64): error TS2304: Cannot find name 'JQueryDeferred'.\n../DefinitelyTyped/types/akumina-core/index.d.ts(1238,54): error TS2304: Cannot find name 'JQueryDeferred'.\n../DefinitelyTyped/types/akumina-core/index.d.ts(1244,55): error TS2304: Cannot find name 'JQueryDeferred'.\n../DefinitelyTyped/types/akumina-core/index.d.ts(1249,41): error TS2304: Cannot find name 'JQueryDeferred'.\n../DefinitelyTyped/types/akumina-core/index.d.ts(1255,55): error TS2304: Cannot find name 'JQueryDeferred'.\n../DefinitelyTyped/types/akumina-core/index.d.ts(1263,95): error TS2304: Cannot find name 'JQueryDeferred'.\n../DefinitelyTyped/types/akumina-core/index.d.ts(1264,43): error TS2304: Cannot find name 'JQueryDeferred'.\n../DefinitelyTyped/types/akumina-core/index.d.ts(1275,52): error TS2304: Cannot find name 'JQueryDeferred'.\n../DefinitelyTyped/types/akumina-core/index.d.ts(1281,50): error TS2304: Cannot find name 'JQueryDeferred'.\n../DefinitelyTyped/types/akumina-core/index.d.ts(1287,64): error TS2304: Cannot find name 'JQueryDeferred'.\n../DefinitelyTyped/types/akumina-core/index.d.ts(1299,47): error TS2304: Cannot find name 'JQueryDeferred'.\n../DefinitelyTyped/types/akumina-core/index.d.ts(1311,55): error TS2304: Cannot find name 'JQueryDeferred'.\n../DefinitelyTyped/types/akumina-core/index.d.ts(1317,58): error TS2304: Cannot find name 'JQueryDeferred'.\n../DefinitelyTyped/types/akumina-core/index.d.ts(1323,53): error TS2304: Cannot find name 'JQueryDeferred'.\n../DefinitelyTyped/types/akumina-core/index.d.ts(1329,75): error TS2304: Cannot find name 'JQueryDeferred'.\n../DefinitelyTyped/types/akumina-core/index.d.ts(1339,79): error TS2304: Cannot find name 'JQueryDeferred'.\n../DefinitelyTyped/types/akumina-core/index.d.ts(1339,137): error TS2304: Cannot find name 'JQueryDeferred'.\n../DefinitelyTyped/types/akumina-core/index.d.ts(1346,50): error TS2304: Cannot find name 'JQueryDeferred'.\n"},{"item":"ale-url-parser","response":"success"},{"item":"alertify","response":"error","message":"Error: Command failed: npx ttsc --project tsconfig.types.2.json\nCannot read property '0' of undefined\n"},{"item":"alexa-sdk","response":"error","message":"Error: Command failed: npx ttsc --project tsconfig.types.2.json\nCannot read property 'kind' of undefined\n"},{"item":"alexa-voice-service","response":"error","message":"Error: Command failed: npx ttsc --project tsconfig.types.2.json\nCannot read property '0' of undefined\n"},{"item":"algebra.js","response":"success"},{"item":"algoliasearch","response":"warning","message":"\u001b[33mWARNING\u001b[39m: Transformer - Not supported type: TypeQuery of ModuleDeclaration - it will convert to null\n\u001b[33mWARNING\u001b[39m: Transformer - Not supported type: TypeQuery of ModuleDeclaration - it will convert to null"},{"item":"algoliasearch-helper","response":"error","message":"Error: Command failed: npx ttsc --project tsconfig.types.2.json\nCannot read property 'find' of undefined\n"},{"item":"ali-app","response":"error","message":"Error: Command failed: npx ttsc --project tsconfig.types.2.json\nCannot read property '0' of undefined\n"},{"item":"ali-oss","response":"error","message":"Error: Command failed: npx ttsc --project tsconfig.types.2.json\nCannot read property '0' of undefined\n"},{"item":"align-text","response":"success"},{"item":"alks-node","response":"success"},{"item":"all-the-package-names","response":"success"},{"item":"alloy","response":"error","message":"Error: Command failed: npx ttsc --project tsconfig.types.2.json\nCannot read property '0' of undefined\n"},{"item":"allure-js-commons","response":"success"},{"item":"almost-equal","response":"success"},{"item":"alpha-bravo","response":"success"},{"item":"alt","response":"error","message":"Error: Command failed: npx ttsc --project tsconfig.types.3.json\nCannot read property '0' of undefined\n"},{"item":"amap-js-api","response":"error","message":"Error: Command failed: npx ttsc --project tsconfig.types.3.json\nCannot read property '0' of undefined\n"},{"item":"amap-js-api-arrival-range","response":"error","message":"Error: Command failed: npx ttsc --project tsconfig.types.3.json\nCannot read property '0' of undefined\n"},{"item":"amap-js-api-autocomplete","response":"error","message":"Error: Command failed: npx ttsc --project tsconfig.types.3.json\nCannot read property '0' of undefined\n"},{"item":"amap-js-api-city-search","response":"error","message":"Error: Command failed: npx ttsc --project tsconfig.types.3.json\nCannot read property '0' of undefined\n"},{"item":"amap-js-api-control-bar","response":"error","message":"Error: Command failed: npx ttsc --project tsconfig.types.3.json\nCannot read property '0' of undefined\n"},{"item":"amap-js-api-district-search","response":"error","message":"Error: Command failed: npx ttsc --project tsconfig.types.3.json\nCannot read property '0' of undefined\n"},{"item":"amap-js-api-driving","response":"error","message":"Error: Command failed: npx ttsc --project tsconfig.types.3.json\nCannot read property '0' of undefined\n"},{"item":"amap-js-api-geocoder","response":"error","message":"Error: Command failed: npx ttsc --project tsconfig.types.3.json\nCannot read property '0' of undefined\n"},{"item":"amap-js-api-geolocation","response":"error","message":"Error: Command failed: npx ttsc --project tsconfig.types.3.json\nCannot read property '0' of undefined\n"},{"item":"amap-js-api-heatmap","response":"error","message":"Error: Command failed: npx ttsc --project tsconfig.types.3.json\nCannot read property '0' of undefined\n"},{"item":"amap-js-api-indoor-map","response":"error","message":"Error: Command failed: npx ttsc --project tsconfig.types.3.json\nCannot read property '0' of undefined\n"},{"item":"amap-js-api-line-search","response":"error","message":"Error: Command failed: npx ttsc --project tsconfig.types.3.json\nCannot read property '0' of undefined\n"},{"item":"amap-js-api-map-type","response":"error","message":"Error: Command failed: npx ttsc --project tsconfig.types.3.json\nCannot read property '0' of undefined\n"},{"item":"amap-js-api-map3d","response":"error","message":"Error: Command failed: npx ttsc --project tsconfig.types.3.json\nCannot read property '0' of undefined\n"},{"item":"amap-js-api-overview","response":"error","message":"Error: Command failed: npx ttsc --project tsconfig.types.3.json\nCannot read property '0' of undefined\n"},{"item":"amap-js-api-place-search","response":"error","message":"Error: Command failed: npx ttsc --project tsconfig.types.3.json\nCannot read property '0' of undefined\n"},{"item":"amap-js-api-riding","response":"error","message":"Error: Command failed: npx ttsc --project tsconfig.types.3.json\nCannot read property '0' of undefined\n"},{"item":"amap-js-api-scale","response":"error","message":"Error: Command failed: npx ttsc --project tsconfig.types.3.json\nCannot read property '0' of undefined\n"},{"item":"amap-js-api-station-search","response":"error","message":"Error: Command failed: npx ttsc --project tsconfig.types.3.json\nCannot read property '0' of undefined\n"},{"item":"amap-js-api-tool-bar","response":"error","message":"Error: Command failed: npx ttsc --project tsconfig.types.3.json\nCannot read property '0' of undefined\n"},{"item":"amap-js-sdk","response":"error","message":"Error: Command failed: npx ttsc --project tsconfig.types.3.json\nCannot read property '0' of undefined\n"},{"item":"amazon-cognito-auth-js","response":"success"},{"item":"amazon-connect-streams","response":"error","message":"Error: Command failed: npx ttsc --project tsconfig.types.4.json\nCannot read property '0' of undefined\n"},{"item":"amazon-product-api","response":"success"},{"item":"amcharts","response":"warning","message":"\u001b[33mWARNING\u001b[39m: Transformer - Not supported type: TypeQuery of ModuleDeclaration - it will convert to null"},{"item":"amp","response":"warning","message":"\u001b[33mWARNING\u001b[39m: Transformer - Not supported type: BigIntKeyword - it will convert to null\n\u001b[33mWARNING\u001b[39m: Transformer - Not supported type: BigIntKeyword - it will convert to null\n\u001b[33mWARNING\u001b[39m: Transformer - Not supported type: BigIntKeyword - it will convert to null\n\u001b[33mWARNING\u001b[39m: Transformer - Not supported type: BigIntKeyword - it will convert to null"},{"item":"amp-message","response":"warning","message":"\u001b[33mWARNING\u001b[39m: Transformer - Not supported type: BigIntKeyword - it will convert to null\n\u001b[33mWARNING\u001b[39m: Transformer - Not supported type: BigIntKeyword - it will convert to null\n\u001b[33mWARNING\u001b[39m: Transformer - Not supported type: BigIntKeyword - it will convert to null\n\u001b[33mWARNING\u001b[39m: Transformer - Not supported type: BigIntKeyword - it will convert to null"},{"item":"amphtml-validator","response":"warning","message":"\u001b[33mWARNING\u001b[39m: Transformer - Not supported type: BigIntKeyword - it will convert to null\n\u001b[33mWARNING\u001b[39m: Transformer - Not supported type: BigIntKeyword - it will convert to null\n\u001b[33mWARNING\u001b[39m: Transformer - Not supported type: BigIntKeyword - it will convert to null\n\u001b[33mWARNING\u001b[39m: Transformer - Not supported type: BigIntKeyword - it will convert to null"},{"item":"amplifier","response":"error","message":"Error: Command failed: npx ttsc --project tsconfig.types.4.json\nCannot read property 'declarations' of undefined\n"},{"item":"amplify","response":"error","message":"Error: Command failed: npx ttsc --project tsconfig.types.4.json\nCannot read property 'declarations' of undefined\n"},{"item":"amplify-deferred","response":"error","message":"Error: Command failed: npx ttsc --project tsconfig.types.4.json\n\n../DefinitelyTyped/types/amplify-deferred/index.d.ts(7,23): error TS2688: Cannot find type definition file for 'jquery'.\n../DefinitelyTyped/types/amplify-deferred/index.d.ts(9,26): error TS2307: Cannot find module 'amplify'.\n../DefinitelyTyped/types/amplify-deferred/index.d.ts(19,64): error TS2304: Cannot find name 'JQueryPromise'.\n../DefinitelyTyped/types/amplify-deferred/index.d.ts(29,20): error TS2304: Cannot find name 'RequestSettings'.\n../DefinitelyTyped/types/amplify-deferred/index.d.ts(29,38): error TS2304: Cannot find name 'JQueryPromise'.\n"},{"item":"amplitude-js","response":"success"},{"item":"amqp","response":"error","message":"Error: Command failed: npx ttsc --project tsconfig.types.4.json\nCannot read property 'kind' of undefined\n"},{"item":"amqp-connection-manager","response":"error","message":"Error: Command failed: npx ttsc --project tsconfig.types.4.json\n\n../DefinitelyTyped/types/amqp-connection-manager/index.d.ts(8,71): error TS2307: Cannot find module 'amqplib'.\n../DefinitelyTyped/types/amqp-connection-manager/index.d.ts(10,35): error TS2307: Cannot find module 'tls'.\n../DefinitelyTyped/types/amqp-connection-manager/index.d.ts(162,60): error TS2591: Cannot find name 'Buffer'. Do you need to install type definitions for node? Try `npm i @types/node` and then add `node` to the types field in your tsconfig.\n../DefinitelyTyped/types/amqp-connection-manager/index.d.ts(171,41): error TS2591: Cannot find name 'Buffer'. Do you need to install type definitions for node? Try `npm i @types/node` and then add `node` to the types field in your tsconfig.\n"},{"item":"amqp-rpc","response":"success"},{"item":"amqplib","response":"warning","message":"\u001b[33mWARNING\u001b[39m: Transformer - Not supported type: NamespaceImport - it will convert to null\n\u001b[33mWARNING\u001b[39m: Transformer - Not supported type: NamespaceImport - it will convert to null\n\u001b[33mWARNING\u001b[39m: Transformer - Not supported type: NamespaceImport - it will convert to null\n\u001b[33mWARNING\u001b[39m: Transformer - Not supported type: NamespaceImport - it will convert to null\n\u001b[33mWARNING\u001b[39m: Transformer - Not supported type: NamespaceImport - it will convert to null\n\u001b[33mWARNING\u001b[39m: Transformer - Not supported type: NamespaceImport - it will convert to null\n\u001b[33mWARNING\u001b[39m: Transformer - Not supported type: NamespaceImport - it will convert to null\n\u001b[33mWARNING\u001b[39m: Transformer - Not supported type: NamespaceImport - it will convert to null\n\u001b[33mWARNING\u001b[39m: Transformer - Not supported type: NamespaceImport - it will convert to null\n\u001b[33mWARNING\u001b[39m: Transformer - Not supported type: NamespaceImport - it will convert to null\n\u001b[33mWARNING\u001b[39m: Transformer - Not supported type: NamespaceImport - it will convert to null\n\u001b[33mWARNING\u001b[39m: Transformer - Not supported type: NamespaceImport - it will convert to null\n\u001b[33mWARNING\u001b[39m: Transformer - Not supported type: NamespaceImport - it will convert to null\n\u001b[33mWARNING\u001b[39m: Transformer - Not supported type: NamespaceImport - it will convert to null\n\u001b[33mWARNING\u001b[39m: Transformer - Not supported type: NamespaceImport - it will convert to null\n\u001b[33mWARNING\u001b[39m: Transformer - Not supported type: NamespaceImport - it will convert to null\n\u001b[33mWARNING\u001b[39m: Transformer - Not supported type: NamespaceImport - it will convert to null\n\u001b[33mWARNING\u001b[39m: Transformer - Not supported type: NamespaceImport - it will convert to null\n\u001b[33mWARNING\u001b[39m: Transformer - Not supported type: NamespaceImport - it will convert to null\n\u001b[33mWARNING\u001b[39m: Transformer - Not supported type: NamespaceImport - it will convert to null\n\u001b[33mWARNING\u001b[39m: Transformer - Not supported type: NamespaceImport - it will convert to null\n\u001b[33mWARNING\u001b[39m: Transformer - Not supported type: NamespaceImport - it will convert to null\n\u001b[33mWARNING\u001b[39m: Transformer - Not supported type: NamespaceImport - it will convert to null\n\u001b[33mWARNING\u001b[39m: Transformer - Not supported type: NamespaceImport - it will convert to null\n\u001b[33mWARNING\u001b[39m: Transformer - Not supported type: NamespaceImport - it will convert to null\n\u001b[33mWARNING\u001b[39m: Transformer - Not supported type: NamespaceImport - it will convert to null\n\u001b[33mWARNING\u001b[39m: Transformer - Not supported type: NamespaceImport - it will convert to null\n\u001b[33mWARNING\u001b[39m: Transformer - Not supported type: NamespaceImport - it will convert to null\n\u001b[33mWARNING\u001b[39m: Transformer - Not supported type: NamespaceImport - it will convert to null\n\u001b[33mWARNING\u001b[39m: Transformer - Not supported type: NamespaceImport - it will convert to null\n\u001b[33mWARNING\u001b[39m: Transformer - Not supported type: NamespaceImport - it will convert to null\n\u001b[33mWARNING\u001b[39m: Transformer - Not supported type: NamespaceImport - it will convert to null\n\u001b[33mWARNING\u001b[39m: Transformer - Not supported type: NamespaceImport - it will convert to null\n\u001b[33mWARNING\u001b[39m: Transformer - Not supported type: NamespaceImport - it will convert to null\n\u001b[33mWARNING\u001b[39m: Transformer - Not supported type: NamespaceImport - it will convert to null\n\u001b[33mWARNING\u001b[39m: Transformer - Not supported type: NamespaceImport - it will convert to null\n\u001b[33mWARNING\u001b[39m: Transformer - Not supported type: NamespaceImport - it will convert to null\n\u001b[33mWARNING\u001b[39m: Transformer - Not supported type: NamespaceImport - it will convert to null\n\u001b[33mWARNING\u001b[39m: Transformer - Not supported type: NamespaceImport - it will convert to null\n\u001b[33mWARNING\u001b[39m: Transformer - Not supported type: BigIntKeyword - it will convert to null\n\u001b[33mWARNING\u001b[39m: Transformer - Not supported type: BigIntKeyword - it will convert to null\n\u001b[33mWARNING\u001b[39m: Transformer - Not supported type: BigIntKeyword - it will convert to null\n\u001b[33mWARNING\u001b[39m: Transformer - Not supported type: BigIntKeyword - it will convert to null\n\u001b[33mWARNING\u001b[39m: Transformer - Not supported type: TypeQuery of ModuleDeclaration - it will convert to null\n\u001b[33mWARNING\u001b[39m: Transformer - Not supported type: TypeQuery of ModuleDeclaration - it will convert to null"},{"item":"analytics-node","response":"success"},{"item":"anchor-js","response":"success"},{"item":"angular","response":"error","message":"Error: Command failed: npx ttsc --project tsconfig.types.4.json\nCannot read property 'kind' of undefined\n"},{"item":"angular-agility","response":"error","message":"Error: Command failed: npx ttsc --project tsconfig.types.4.json\nCannot read property '0' of undefined\n"},{"item":"angular-animate","response":"error","message":"Error: Command failed: npx ttsc --project tsconfig.types.4.json\n\n../DefinitelyTyped/types/angular-animate/index.d.ts(10,26): error TS2307: Cannot find module 'angular'.\n../DefinitelyTyped/types/angular-animate/index.d.ts(22,33): error TS2304: Cannot find name 'JQuery'.\n../DefinitelyTyped/types/angular-animate/index.d.ts(23,40): error TS2304: Cannot find name 'JQuery'.\n../DefinitelyTyped/types/angular-animate/index.d.ts(24,34): error TS2304: Cannot find name 'JQuery'.\n../DefinitelyTyped/types/angular-animate/index.d.ts(25,40): error TS2304: Cannot find name 'JQuery'.\n../DefinitelyTyped/types/angular-animate/index.d.ts(26,34): error TS2304: Cannot find name 'JQuery'.\n../DefinitelyTyped/types/angular-animate/index.d.ts(27,43): error TS2304: Cannot find name 'JQuery'.\n../DefinitelyTyped/types/angular-animate/index.d.ts(28,37): error TS2304: Cannot find name 'JQuery'.\n../DefinitelyTyped/types/angular-animate/index.d.ts(29,31): error TS2304: Cannot find name 'JQuery'.\n../DefinitelyTyped/types/angular-animate/index.d.ts(30,31): error TS2304: Cannot find name 'JQuery'.\n../DefinitelyTyped/types/angular-animate/index.d.ts(31,30): error TS2304: Cannot find name 'JQuery'.\n../DefinitelyTyped/types/angular-animate/index.d.ts(32,33): error TS2304: Cannot find name 'JQuery'.\n../DefinitelyTyped/types/angular-animate/index.d.ts(35,45): error TS2304: Cannot find name 'IPromise'.\n../DefinitelyTyped/types/angular-animate/index.d.ts(49,42): error TS2304: Cannot find name 'JQuery'.\n../DefinitelyTyped/types/angular-animate/index.d.ts(49,71): error TS2304: Cannot find name 'JQuery'.\n../DefinitelyTyped/types/angular-animate/index.d.ts(58,44): error TS2304: Cannot find name 'JQuery'.\n../DefinitelyTyped/types/angular-animate/index.d.ts(58,74): error TS2304: Cannot find name 'JQuery'.\n../DefinitelyTyped/types/angular-animate/index.d.ts(66,26): error TS2304: Cannot find name 'JQuery'.\n../DefinitelyTyped/types/angular-animate/index.d.ts(66,49): error TS2304: Cannot find name 'JQuery'.\n../DefinitelyTyped/types/angular-animate/index.d.ts(75,30): error TS2304: Cannot find name 'JQuery'.\n../DefinitelyTyped/types/angular-animate/index.d.ts(93,30): error TS2304: Cannot find name 'JQuery'.\n../DefinitelyTyped/types/angular-animate/index.d.ts(104,28): error TS2304: Cannot find name 'JQuery'.\n../DefinitelyTyped/types/angular-animate/index.d.ts(104,51): error TS2304: Cannot find name 'JQuery'.\n../DefinitelyTyped/types/angular-animate/index.d.ts(104,74): error TS2304: Cannot find name 'JQuery'.\n../DefinitelyTyped/types/angular-animate/index.d.ts(113,28): error TS2304: Cannot find name 'JQuery'.\n../DefinitelyTyped/types/angular-animate/index.d.ts(125,27): error TS2304: Cannot find name 'JQuery'.\n../DefinitelyTyped/types/angular-animate/index.d.ts(125,50): error TS2304: Cannot find name 'JQuery'.\n../DefinitelyTyped/types/angular-animate/index.d.ts(125,73): error TS2304: Cannot find name 'JQuery'.\n../DefinitelyTyped/types/angular-animate/index.d.ts(136,31): error TS2304: Cannot find name 'JQuery'.\n../DefinitelyTyped/types/angular-animate/index.d.ts(147,34): error TS2304: Cannot find name 'JQuery'.\n../DefinitelyTyped/types/angular-animate/index.d.ts(159,31): error TS2304: Cannot find name 'JQuery'.\n../DefinitelyTyped/types/angular-animate/index.d.ts(288,50): error TS2304: Cannot find name 'IPromise'.\n../DefinitelyTyped/types/angular-animate/index.d.ts(302,23): error TS2304: Cannot find name 'JQuery'.\n4.index.ts(1,119): error TS2344: Type 'string' does not satisfy the constraint 'object'.\n"},{"item":"angular-block-ui","response":"error","message":"Error: Command failed: npx ttsc --project tsconfig.types.4.json\n\n../DefinitelyTyped/types/angular-block-ui/index.d.ts(9,26): error TS2307: Cannot find module 'angular'.\n../DefinitelyTyped/types/angular-block-ui/index.d.ts(79,36): error TS2304: Cannot find name 'IRequestConfig'.\n"},{"item":"angular-bootstrap-calendar","response":"error","message":"Error: Command failed: npx ttsc --project tsconfig.types.4.json\n\n../DefinitelyTyped/types/angular-bootstrap-calendar/index.d.ts(8,26): error TS2307: Cannot find module 'angular'.\n"},{"item":"angular-bootstrap-lightbox","response":"error","message":"Error: Command failed: npx ttsc --project tsconfig.types.4.json\nCannot read property '0' of undefined\n"},{"item":"angular-breadcrumb","response":"error","message":"Error: Command failed: npx ttsc --project tsconfig.types.4.json\n\n../DefinitelyTyped/types/angular-breadcrumb/index.d.ts(7,23): error TS2688: Cannot find type definition file for 'angular-ui-router'.\n../DefinitelyTyped/types/angular-breadcrumb/index.d.ts(9,26): error TS2307: Cannot find module 'angular'.\n4.index.ts(1,122): error TS2344: Type 'string' does not satisfy the constraint 'object'.\n"},{"item":"angular-clipboard","response":"success"},{"item":"angular-cookie","response":"error","message":"Error: Command failed: npx ttsc --project tsconfig.types.4.json\nCannot read property '0' of undefined\n"},{"item":"angular-cookies","response":"error","message":"Error: Command failed: npx ttsc --project tsconfig.types.5.json\n\n../DefinitelyTyped/types/angular-cookies/index.d.ts(10,26): error TS2307: Cannot find module 'angular'.\n5.index.ts(1,119): error TS2344: Type 'string' does not satisfy the constraint 'object'.\n"},{"item":"angular-deferred-bootstrap","response":"error","message":"Error: Command failed: npx ttsc --project tsconfig.types.5.json\nCannot read property '0' of undefined\n"},{"item":"angular-desktop-notification","response":"error","message":"Error: Command failed: npx ttsc --project tsconfig.types.5.json\n\n../DefinitelyTyped/types/angular-desktop-notification/index.d.ts(7,26): error TS2307: Cannot find module 'angular'.\n../DefinitelyTyped/types/angular-desktop-notification/index.d.ts(165,34): error TS2304: Cannot find name 'IPromise'.\n5.index.ts(1,132): error TS2344: Type 'string' does not satisfy the constraint 'object'.\n"},{"item":"angular-dialog-service","response":"error","message":"Error: Command failed: npx ttsc --project tsconfig.types.5.json\nCannot read property '0' of undefined\n"},{"item":"angular-environment","response":"error","message":"Error: Command failed: npx ttsc --project tsconfig.types.5.json\nCannot read property '0' of undefined\n"},{"item":"angular-es","response":"error","message":"Error: Command failed: npx ttsc --project tsconfig.types.5.json\nCannot read property '0' of undefined\n"},{"item":"angular-feature-flags","response":"error","message":"Error: Command failed: npx ttsc --project tsconfig.types.5.json\n\n../DefinitelyTyped/types/angular-feature-flags/index.d.ts(7,23): error TS2688: Cannot find type definition file for 'angular'.\n../DefinitelyTyped/types/angular-feature-flags/index.d.ts(9,21): error TS2307: Cannot find module 'angular'.\n"},{"item":"angular-file-saver","response":"error","message":"Error: Command failed: npx ttsc --project tsconfig.types.5.json\n\n../DefinitelyTyped/types/angular-file-saver/index.d.ts(7,26): error TS2307: Cannot find module 'angular'.\n5.index.ts(1,122): error TS2344: Type '\"ngFileSaver\"' does not satisfy the constraint 'object'.\n"},{"item":"angular-file-upload","response":"error","message":"Error: Command failed: npx ttsc --project tsconfig.types.5.json\n\n../DefinitelyTyped/types/angular-file-upload/index.d.ts(7,26): error TS2307: Cannot find module 'angular'.\n"},{"item":"angular-formly","response":"error","message":"Error: Command failed: npx ttsc --project tsconfig.types.5.json\nCannot read property '0' of undefined\n"},{"item":"angular-fullscreen","response":"error","message":"Error: Command failed: npx ttsc --project tsconfig.types.5.json\n\n../DefinitelyTyped/types/angular-fullscreen/index.d.ts(7,23): error TS2688: Cannot find type definition file for 'angular'.\n../DefinitelyTyped/types/angular-fullscreen/index.d.ts(9,26): error TS2307: Cannot find module 'angular'.\n"},{"item":"angular-gettext","response":"error","message":"Error: Command failed: npx ttsc --project tsconfig.types.5.json\nCannot read property 'find' of undefined\n"},{"item":"angular-google-analytics","response":"error","message":"Error: Command failed: npx ttsc --project tsconfig.types.5.json\n\n../DefinitelyTyped/types/angular-google-analytics/index.d.ts(7,23): error TS2688: Cannot find type definition file for 'angular'.\n../DefinitelyTyped/types/angular-google-analytics/index.d.ts(8,26): error TS2307: Cannot find module 'angular'.\n"},{"item":"angular-gridster","response":"error","message":"Error: Command failed: npx ttsc --project tsconfig.types.5.json\n\n../DefinitelyTyped/types/angular-gridster/index.d.ts(7,26): error TS2307: Cannot find module 'angular'.\n../DefinitelyTyped/types/angular-gridster/index.d.ts(93,31): error TS2304: Cannot find name 'IAngularEvent'.\n../DefinitelyTyped/types/angular-gridster/index.d.ts(93,56): error TS2304: Cannot find name 'IAugmentedJQuery'.\n../DefinitelyTyped/types/angular-gridster/index.d.ts(96,32): error TS2304: Cannot find name 'IAngularEvent'.\n../DefinitelyTyped/types/angular-gridster/index.d.ts(96,57): error TS2304: Cannot find name 'IAugmentedJQuery'.\n../DefinitelyTyped/types/angular-gridster/index.d.ts(99,30): error TS2304: Cannot find name 'IAngularEvent'.\n../DefinitelyTyped/types/angular-gridster/index.d.ts(99,55): error TS2304: Cannot find name 'IAugmentedJQuery'.\n../DefinitelyTyped/types/angular-gridster/index.d.ts(117,31): error TS2304: Cannot find name 'IAngularEvent'.\n../DefinitelyTyped/types/angular-gridster/index.d.ts(117,56): error TS2304: Cannot find name 'IAugmentedJQuery'.\n../DefinitelyTyped/types/angular-gridster/index.d.ts(120,30): error TS2304: Cannot find name 'IAngularEvent'.\n../DefinitelyTyped/types/angular-gridster/index.d.ts(120,55): error TS2304: Cannot find name 'IAugmentedJQuery'.\n../DefinitelyTyped/types/angular-gridster/index.d.ts(123,30): error TS2304: Cannot find name 'IAngularEvent'.\n../DefinitelyTyped/types/angular-gridster/index.d.ts(123,55): error TS2304: Cannot find name 'IAugmentedJQuery'.\n"},{"item":"angular-growl-v2","response":"error","message":"Error: Command failed: npx ttsc --project tsconfig.types.5.json\n\n../DefinitelyTyped/types/angular-growl-v2/index.d.ts(7,23): error TS2688: Cannot find type definition file for 'angular'.\n../DefinitelyTyped/types/angular-growl-v2/index.d.ts(9,26): error TS2307: Cannot find module 'angular'.\n../DefinitelyTyped/types/angular-growl-v2/index.d.ts(65,50): error TS2304: Cannot find name 'IHttpInterceptorFactory'.\n"},{"item":"angular-hotkeys","response":"error","message":"Error: Command failed: npx ttsc --project tsconfig.types.5.json\nCannot read property 'find' of undefined\n"},{"item":"angular-http-auth","response":"error","message":"Error: Command failed: npx ttsc --project tsconfig.types.5.json\n\n../DefinitelyTyped/types/angular-http-auth/index.d.ts(7,23): error TS2688: Cannot find type definition file for 'angular'.\n../DefinitelyTyped/types/angular-http-auth/index.d.ts(9,21): error TS2307: Cannot find module 'angular'.\n"},{"item":"angular-httpi","response":"error","message":"Error: Command failed: npx ttsc --project tsconfig.types.5.json\nCannot read property '0' of undefined\n"},{"item":"angular-idle","response":"error","message":"Error: Command failed: npx ttsc --project tsconfig.types.5.json\n\n../DefinitelyTyped/types/angular-idle/index.d.ts(7,23): error TS2688: Cannot find type definition file for 'angular'.\n../DefinitelyTyped/types/angular-idle/index.d.ts(9,26): error TS2307: Cannot find module 'angular'.\n../DefinitelyTyped/types/angular-idle/index.d.ts(17,42): error TS2304: Cannot find name 'IServiceProvider'.\n../DefinitelyTyped/types/angular-idle/index.d.ts(109,46): error TS2304: Cannot find name 'IServiceProvider'.\n../DefinitelyTyped/types/angular-idle/index.d.ts(119,34): error TS2304: Cannot find name 'IRequestConfig'.\n../DefinitelyTyped/types/angular-idle/index.d.ts(163,41): error TS2304: Cannot find name 'IServiceProvider'.\n"},{"item":"angular-jwt","response":"error","message":"Error: Command failed: npx ttsc --project tsconfig.types.5.json\n\n../DefinitelyTyped/types/angular-jwt/index.d.ts(7,23): error TS2688: Cannot find type definition file for 'angular'.\n../DefinitelyTyped/types/angular-jwt/index.d.ts(9,26): error TS2307: Cannot find module 'angular'.\n"},{"item":"angular-load","response":"error","message":"Error: Command failed: npx ttsc --project tsconfig.types.5.json\nCannot read property '0' of undefined\n"},{"item":"angular-loading-bar","response":"error","message":"Error: Command failed: npx ttsc --project tsconfig.types.5.json\n\n../DefinitelyTyped/types/angular-loading-bar/index.d.ts(8,23): error TS2688: Cannot find type definition file for 'angular'.\n../DefinitelyTyped/types/angular-loading-bar/index.d.ts(13,26): error TS2307: Cannot find module 'angular'.\n5.index.ts(1,123): error TS2344: Type 'string' does not satisfy the constraint 'object'.\n"},{"item":"angular-local-storage","response":"error","message":"Error: Command failed: npx ttsc --project tsconfig.types.5.json\nCannot read property 'find' of undefined\n"},{"item":"angular-localforage","response":"error","message":"Error: Command failed: npx ttsc --project tsconfig.types.5.json\n\n../DefinitelyTyped/types/angular-localforage/index.d.ts(8,23): error TS2688: Cannot find type definition file for 'angular'.\n../DefinitelyTyped/types/angular-localforage/index.d.ts(10,26): error TS2307: Cannot find module 'angular'.\n"},{"item":"angular-locker","response":"error","message":"Error: Command failed: npx ttsc --project tsconfig.types.5.json\n\n../DefinitelyTyped/types/angular-locker/index.d.ts(7,23): error TS2688: Cannot find type definition file for 'angular'.\n../DefinitelyTyped/types/angular-locker/index.d.ts(9,26): error TS2307: Cannot find module 'angular'.\n../DefinitelyTyped/types/angular-locker/index.d.ts(109,25): error TS2304: Cannot find name 'IScope'.\n../DefinitelyTyped/types/angular-locker/index.d.ts(150,27): error TS2304: Cannot find name 'IScope'.\n"},{"item":"angular-material","response":"error","message":"Error: Command failed: npx ttsc --project tsconfig.types.6.json\n\n../DefinitelyTyped/types/angular-material/index.d.ts(12,26): error TS2307: Cannot find module 'angular'.\n../DefinitelyTyped/types/angular-material/index.d.ts(24,29): error TS2304: Cannot find name 'Injectable'.\n../DefinitelyTyped/types/angular-material/index.d.ts(30,21): error TS2304: Cannot find name 'IScope'.\n../DefinitelyTyped/types/angular-material/index.d.ts(32,35): error TS2304: Cannot find name 'Injectable'.\n../DefinitelyTyped/types/angular-material/index.d.ts(32,46): error TS2304: Cannot find name 'IControllerConstructor'.\n../DefinitelyTyped/types/angular-material/index.d.ts(40,31): error TS2304: Cannot find name 'IScope'.\n../DefinitelyTyped/types/angular-material/index.d.ts(40,48): error TS2304: Cannot find name 'JQuery'.\n../DefinitelyTyped/types/angular-material/index.d.ts(40,69): error TS2304: Cannot find name 'JQuery'.\n../DefinitelyTyped/types/angular-material/index.d.ts(40,98): error TS2304: Cannot find name 'JQuery'.\n../DefinitelyTyped/types/angular-material/index.d.ts(45,49): error TS2304: Cannot find name 'IPromise'.\n../DefinitelyTyped/types/angular-material/index.d.ts(59,27): error TS2304: Cannot find name 'IScope'.\n../DefinitelyTyped/types/angular-material/index.d.ts(66,46): error TS2304: Cannot find name 'Injectable'.\n../DefinitelyTyped/types/angular-material/index.d.ts(66,57): error TS2304: Cannot find name 'IControllerConstructor'.\n../DefinitelyTyped/types/angular-material/index.d.ts(71,48): error TS2304: Cannot find name 'JQuery'.\n../DefinitelyTyped/types/angular-material/index.d.ts(99,49): error TS2304: Cannot find name 'JQuery'.\n../DefinitelyTyped/types/angular-material/index.d.ts(112,21): error TS2304: Cannot find name 'IScope'.\n../DefinitelyTyped/types/angular-material/index.d.ts(119,35): error TS2304: Cannot find name 'Injectable'.\n../DefinitelyTyped/types/angular-material/index.d.ts(119,46): error TS2304: Cannot find name 'IControllerConstructor'.\n../DefinitelyTyped/types/angular-material/index.d.ts(124,41): error TS2304: Cannot find name 'JQuery'.\n../DefinitelyTyped/types/angular-material/index.d.ts(125,31): error TS2304: Cannot find name 'IScope'.\n../DefinitelyTyped/types/angular-material/index.d.ts(125,48): error TS2304: Cannot find name 'JQuery'.\n../DefinitelyTyped/types/angular-material/index.d.ts(126,32): error TS2304: Cannot find name 'IScope'.\n../DefinitelyTyped/types/angular-material/index.d.ts(126,49): error TS2304: Cannot find name 'JQuery'.\n../DefinitelyTyped/types/angular-material/index.d.ts(127,34): error TS2304: Cannot find name 'JQuery'.\n../DefinitelyTyped/types/angular-material/index.d.ts(127,57): error TS2304: Cannot find name 'IPromise'.\n../DefinitelyTyped/types/angular-material/index.d.ts(140,91): error TS2304: Cannot find name 'IPromise'.\n../DefinitelyTyped/types/angular-material/index.d.ts(144,35): error TS2304: Cannot find name 'IPromise'.\n../DefinitelyTyped/types/angular-material/index.d.ts(152,38): error TS2304: Cannot find name 'IPromise'.\n../DefinitelyTyped/types/angular-material/index.d.ts(169,23): error TS2304: Cannot find name 'IPromise'.\n../DefinitelyTyped/types/angular-material/index.d.ts(170,21): error TS2304: Cannot find name 'IPromise'.\n../DefinitelyTyped/types/angular-material/index.d.ts(171,22): error TS2304: Cannot find name 'IPromise'.\n../DefinitelyTyped/types/angular-material/index.d.ts(178,55): error TS2304: Cannot find name 'IPromise'.\n../DefinitelyTyped/types/angular-material/index.d.ts(191,48): error TS2304: Cannot find name 'JQuery'.\n../DefinitelyTyped/types/angular-material/index.d.ts(203,21): error TS2304: Cannot find name 'IScope'.\n../DefinitelyTyped/types/angular-material/index.d.ts(208,35): error TS2304: Cannot find name 'Injectable'.\n../DefinitelyTyped/types/angular-material/index.d.ts(208,46): error TS2304: Cannot find name 'IControllerConstructor'.\n../DefinitelyTyped/types/angular-material/index.d.ts(213,41): error TS2304: Cannot find name 'JQuery'.\n../DefinitelyTyped/types/angular-material/index.d.ts(217,71): error TS2304: Cannot find name 'IPromise'.\n../DefinitelyTyped/types/angular-material/index.d.ts(218,42): error TS2304: Cannot find name 'IPromise'.\n../DefinitelyTyped/types/angular-material/index.d.ts(329,23): error TS2304: Cannot find name 'JQuery'.\n../DefinitelyTyped/types/angular-material/index.d.ts(334,70): error TS2304: Cannot find name 'IPromise'.\n../DefinitelyTyped/types/angular-material/index.d.ts(354,50): error TS2304: Cannot find name 'IPromise'.\n../DefinitelyTyped/types/angular-material/index.d.ts(355,39): error TS2304: Cannot find name 'JQueryEventObject'.\n../DefinitelyTyped/types/angular-material/index.d.ts(395,35): error TS2304: Cannot find name 'Injectable'.\n../DefinitelyTyped/types/angular-material/index.d.ts(395,46): error TS2304: Cannot find name 'IControllerConstructor'.\n../DefinitelyTyped/types/angular-material/index.d.ts(400,33): error TS2304: Cannot find name 'JQuery'.\n../DefinitelyTyped/types/angular-material/index.d.ts(417,31): error TS2304: Cannot find name 'JQuery'.\n../DefinitelyTyped/types/angular-material/index.d.ts(425,29): error TS2304: Cannot find name 'JQuery'.\n../DefinitelyTyped/types/angular-material/index.d.ts(426,22): error TS2304: Cannot find name 'JQuery'.\n../DefinitelyTyped/types/angular-material/index.d.ts(427,21): error TS2304: Cannot find name 'IPromise'.\n../DefinitelyTyped/types/angular-material/index.d.ts(428,22): error TS2304: Cannot find name 'IPromise'.\n../DefinitelyTyped/types/angular-material/index.d.ts(429,23): error TS2304: Cannot find name 'IPromise'.\n../DefinitelyTyped/types/angular-material/index.d.ts(430,23): error TS2304: Cannot find name 'IPromise'.\n../DefinitelyTyped/types/angular-material/index.d.ts(431,21): error TS2304: Cannot find name 'IPromise'.\n../DefinitelyTyped/types/angular-material/index.d.ts(432,21): error TS2304: Cannot find name 'IPromise'.\n../DefinitelyTyped/types/angular-material/index.d.ts(438,63): error TS2304: Cannot find name 'IPromise'.\n../DefinitelyTyped/types/angular-material/index.d.ts(439,61): error TS2304: Cannot find name 'IPromise'.\n../DefinitelyTyped/types/angular-material/index.d.ts(445,46): error TS2304: Cannot find name 'JQuery'.\n../DefinitelyTyped/types/angular-material/index.d.ts(468,45): error TS2304: Cannot find name 'IPromise'.\n../DefinitelyTyped/types/angular-material/index.d.ts(520,39): error TS2304: Cannot find name 'IScope'.\n../DefinitelyTyped/types/angular-material/index.d.ts(520,56): error TS2304: Cannot find name 'JQuery'.\n../DefinitelyTyped/types/angular-material/index.d.ts(520,79): error TS2304: Cannot find name 'JQuery'.\n6.index.ts(1,120): error TS2344: Type 'string' does not satisfy the constraint 'object'.\n"},{"item":"angular-media-queries","response":"error","message":"Error: Command failed: npx ttsc --project tsconfig.types.6.json\n\n../DefinitelyTyped/types/angular-media-queries/index.d.ts(7,23): error TS2688: Cannot find type definition file for 'angular'.\n../DefinitelyTyped/types/angular-media-queries/index.d.ts(9,26): error TS2307: Cannot find module 'angular'.\n"},{"item":"angular-meteor","response":"error","message":"Error: Command failed: npx ttsc --project tsconfig.types.6.json\n\n../DefinitelyTyped/types/angular-meteor/index.d.ts(7,23): error TS2688: Cannot find type definition file for 'meteor'.\n../DefinitelyTyped/types/angular-meteor/index.d.ts(9,26): error TS2307: Cannot find module 'angular'.\n../DefinitelyTyped/types/angular-meteor/index.d.ts(17,26): error TS2503: Cannot find namespace 'Meteor'.\n../DefinitelyTyped/types/angular-meteor/index.d.ts(43,85): error TS2503: Cannot find namespace 'Meteor'.\n../DefinitelyTyped/types/angular-meteor/index.d.ts(55,67): error TS2503: Cannot find namespace 'Mongo'.\n../DefinitelyTyped/types/angular-meteor/index.d.ts(65,45): error TS2503: Cannot find namespace 'Tracker'.\n../DefinitelyTyped/types/angular-meteor/index.d.ts(80,39): error TS2503: Cannot find namespace 'Mongo'.\n../DefinitelyTyped/types/angular-meteor/index.d.ts(91,42): error TS2503: Cannot find namespace 'Mongo'.\n../DefinitelyTyped/types/angular-meteor/index.d.ts(91,138): error TS2503: Cannot find namespace 'Mongo'.\n../DefinitelyTyped/types/angular-meteor/index.d.ts(104,35): error TS2503: Cannot find namespace 'Mongo'.\n../DefinitelyTyped/types/angular-meteor/index.d.ts(104,66): error TS2503: Cannot find namespace 'Mongo'.\n../DefinitelyTyped/types/angular-meteor/index.d.ts(104,84): error TS2503: Cannot find namespace 'Mongo'.\n../DefinitelyTyped/types/angular-meteor/index.d.ts(114,85): error TS2503: Cannot find namespace 'Meteor'.\n../DefinitelyTyped/types/angular-meteor/index.d.ts(134,45): error TS2503: Cannot find namespace 'Meteor'.\n../DefinitelyTyped/types/angular-meteor/index.d.ts(142,45): error TS2503: Cannot find namespace 'Meteor'.\n../DefinitelyTyped/types/angular-meteor/index.d.ts(154,50): error TS2503: Cannot find namespace 'Meteor'.\n../DefinitelyTyped/types/angular-meteor/index.d.ts(154,100): error TS2503: Cannot find namespace 'Meteor'.\n../DefinitelyTyped/types/angular-meteor/index.d.ts(239,61): error TS2503: Cannot find namespace 'Mongo'.\n../DefinitelyTyped/types/angular-meteor/index.d.ts(350,23): error TS2503: Cannot find namespace 'Meteor'.\n"},{"item":"angular-mocks","response":"error","message":"Error: Command failed: npx ttsc --project tsconfig.types.6.json\n\n../DefinitelyTyped/types/angular-mocks/index.d.ts(11,26): error TS2307: Cannot find module 'angular'.\n../DefinitelyTyped/types/angular-mocks/index.d.ts(29,20): error TS2304: Cannot find name 'Injectable'.\n../DefinitelyTyped/types/angular-mocks/index.d.ts(54,47): error TS2304: Cannot find name 'IServiceProvider'.\n../DefinitelyTyped/types/angular-mocks/index.d.ts(151,26): error TS2304: Cannot find name 'IScope'.\n../DefinitelyTyped/types/angular-mocks/index.d.ts(679,14): error TS2304: Cannot find name 'JQuery'.\n"},{"item":"angular-modal","response":"error","message":"Error: Command failed: npx ttsc --project tsconfig.types.6.json\nCannot read property '0' of undefined\n"},{"item":"angular-notifications","response":"error","message":"Error: Command failed: npx ttsc --project tsconfig.types.6.json\n\n../DefinitelyTyped/types/angular-notifications/index.d.ts(7,23): error TS2688: Cannot find type definition file for 'angular'.\n../DefinitelyTyped/types/angular-notifications/index.d.ts(9,26): error TS2307: Cannot find module 'angular'.\n"},{"item":"angular-notify","response":"error","message":"Error: Command failed: npx ttsc --project tsconfig.types.6.json\n\n../DefinitelyTyped/types/angular-notify/index.d.ts(7,22): error TS2688: Cannot find type definition file for 'angular'.\n../DefinitelyTyped/types/angular-notify/index.d.ts(9,21): error TS2307: Cannot find module 'angular'.\n"},{"item":"angular-oauth2","response":"error","message":"Error: Command failed: npx ttsc --project tsconfig.types.6.json\n\n../DefinitelyTyped/types/angular-oauth2/index.d.ts(7,26): error TS2307: Cannot find module 'angular'.\n../DefinitelyTyped/types/angular-oauth2/index.d.ts(30,56): error TS2304: Cannot find name 'IPromise'.\n../DefinitelyTyped/types/angular-oauth2/index.d.ts(31,58): error TS2304: Cannot find name 'IPromise'.\n../DefinitelyTyped/types/angular-oauth2/index.d.ts(32,54): error TS2304: Cannot find name 'IPromise'.\n"},{"item":"angular-odata-resources","response":"error","message":"Error: Command failed: npx ttsc --project tsconfig.types.6.json\nCannot read property '0' of undefined\n"},{"item":"angular-pdfjs-viewer","response":"error","message":"Error: Command failed: npx ttsc --project tsconfig.types.6.json\n\n../DefinitelyTyped/types/angular-pdfjs-viewer/index.d.ts(7,26): error TS2307: Cannot find module 'angular'.\n../DefinitelyTyped/types/angular-pdfjs-viewer/index.d.ts(11,42): error TS2304: Cannot find name 'IServiceProvider'.\n"},{"item":"angular-permission","response":"error","message":"Error: Command failed: npx ttsc --project tsconfig.types.6.json\n\n../DefinitelyTyped/types/angular-permission/index.d.ts(7,23): error TS2688: Cannot find type definition file for 'angular'.\n../DefinitelyTyped/types/angular-permission/index.d.ts(8,23): error TS2688: Cannot find type definition file for 'angular-ui-router'.\n../DefinitelyTyped/types/angular-permission/index.d.ts(10,26): error TS2307: Cannot find module 'angular'.\n"},{"item":"angular-promise-tracker","response":"error","message":"Error: Command failed: npx ttsc --project tsconfig.types.6.json\n\n../DefinitelyTyped/types/angular-promise-tracker/index.d.ts(7,23): error TS2688: Cannot find type definition file for 'angular'.\n../DefinitelyTyped/types/angular-promise-tracker/index.d.ts(9,26): error TS2307: Cannot find module 'angular'.\n"},{"item":"angular-q-extras","response":"error","message":"Error: Command failed: npx ttsc --project tsconfig.types.6.json\n\n../DefinitelyTyped/types/angular-q-extras/index.d.ts(10,26): error TS2307: Cannot find module 'angular'.\n../DefinitelyTyped/types/angular-q-extras/index.d.ts(24,75): error TS2304: Cannot find name 'IPromise'.\n../DefinitelyTyped/types/angular-q-extras/index.d.ts(24,94): error TS2304: Cannot find name 'IPromise'.\n../DefinitelyTyped/types/angular-q-extras/index.d.ts(24,113): error TS2304: Cannot find name 'IPromise'.\n../DefinitelyTyped/types/angular-q-extras/index.d.ts(24,132): error TS2304: Cannot find name 'IPromise'.\n../DefinitelyTyped/types/angular-q-extras/index.d.ts(24,151): error TS2304: Cannot find name 'IPromise'.\n../DefinitelyTyped/types/angular-q-extras/index.d.ts(24,170): error TS2304: Cannot find name 'IPromise'.\n../DefinitelyTyped/types/angular-q-extras/index.d.ts(24,189): error TS2304: Cannot find name 'IPromise'.\n../DefinitelyTyped/types/angular-q-extras/index.d.ts(24,208): error TS2304: Cannot find name 'IPromise'.\n../DefinitelyTyped/types/angular-q-extras/index.d.ts(24,227): error TS2304: Cannot find name 'IPromise'.\n../DefinitelyTyped/types/angular-q-extras/index.d.ts(24,247): error TS2304: Cannot find name 'IPromise'.\n../DefinitelyTyped/types/angular-q-extras/index.d.ts(24,264): error TS2304: Cannot find name 'IPromise'.\n../DefinitelyTyped/types/angular-q-extras/index.d.ts(25,70): error TS2304: Cannot find name 'IPromise'.\n../DefinitelyTyped/types/angular-q-extras/index.d.ts(25,89): error TS2304: Cannot find name 'IPromise'.\n../DefinitelyTyped/types/angular-q-extras/index.d.ts(25,108): error TS2304: Cannot find name 'IPromise'.\n../DefinitelyTyped/types/angular-q-extras/index.d.ts(25,127): error TS2304: Cannot find name 'IPromise'.\n../DefinitelyTyped/types/angular-q-extras/index.d.ts(25,146): error TS2304: Cannot find name 'IPromise'.\n../DefinitelyTyped/types/angular-q-extras/index.d.ts(25,165): error TS2304: Cannot find name 'IPromise'.\n../DefinitelyTyped/types/angular-q-extras/index.d.ts(25,184): error TS2304: Cannot find name 'IPromise'.\n../DefinitelyTyped/types/angular-q-extras/index.d.ts(25,203): error TS2304: Cannot find name 'IPromise'.\n../DefinitelyTyped/types/angular-q-extras/index.d.ts(25,222): error TS2304: Cannot find name 'IPromise'.\n../DefinitelyTyped/types/angular-q-extras/index.d.ts(25,238): error TS2304: Cannot find name 'IPromise'.\n../DefinitelyTyped/types/angular-q-extras/index.d.ts(26,66): error TS2304: Cannot find name 'IPromise'.\n../DefinitelyTyped/types/angular-q-extras/index.d.ts(26,85): error TS2304: Cannot find name 'IPromise'.\n../DefinitelyTyped/types/angular-q-extras/index.d.ts(26,104): error TS2304: Cannot find name 'IPromise'.\n../DefinitelyTyped/types/angular-q-extras/index.d.ts(26,123): error TS2304: Cannot find name 'IPromise'.\n../DefinitelyTyped/types/angular-q-extras/index.d.ts(26,142): error TS2304: Cannot find name 'IPromise'.\n../DefinitelyTyped/types/angular-q-extras/index.d.ts(26,161): error TS2304: Cannot find name 'IPromise'.\n../DefinitelyTyped/types/angular-q-extras/index.d.ts(26,180): error TS2304: Cannot find name 'IPromise'.\n../DefinitelyTyped/types/angular-q-extras/index.d.ts(26,199): error TS2304: Cannot find name 'IPromise'.\n../DefinitelyTyped/types/angular-q-extras/index.d.ts(26,215): error TS2304: Cannot find name 'IPromise'.\n../DefinitelyTyped/types/angular-q-extras/index.d.ts(27,62): error TS2304: Cannot find name 'IPromise'.\n../DefinitelyTyped/types/angular-q-extras/index.d.ts(27,81): error TS2304: Cannot find name 'IPromise'.\n../DefinitelyTyped/types/angular-q-extras/index.d.ts(27,100): error TS2304: Cannot find name 'IPromise'.\n../DefinitelyTyped/types/angular-q-extras/index.d.ts(27,119): error TS2304: Cannot find name 'IPromise'.\n../DefinitelyTyped/types/angular-q-extras/index.d.ts(27,138): error TS2304: Cannot find name 'IPromise'.\n../DefinitelyTyped/types/angular-q-extras/index.d.ts(27,157): error TS2304: Cannot find name 'IPromise'.\n../DefinitelyTyped/types/angular-q-extras/index.d.ts(27,176): error TS2304: Cannot find name 'IPromise'.\n../DefinitelyTyped/types/angular-q-extras/index.d.ts(27,192): error TS2304: Cannot find name 'IPromise'.\n../DefinitelyTyped/types/angular-q-extras/index.d.ts(28,58): error TS2304: Cannot find name 'IPromise'.\n../DefinitelyTyped/types/angular-q-extras/index.d.ts(28,77): error TS2304: Cannot find name 'IPromise'.\n../DefinitelyTyped/types/angular-q-extras/index.d.ts(28,96): error TS2304: Cannot find name 'IPromise'.\n../DefinitelyTyped/types/angular-q-extras/index.d.ts(28,115): error TS2304: Cannot find name 'IPromise'.\n../DefinitelyTyped/types/angular-q-extras/index.d.ts(28,134): error TS2304: Cannot find name 'IPromise'.\n../DefinitelyTyped/types/angular-q-extras/index.d.ts(28,153): error TS2304: Cannot find name 'IPromise'.\n../DefinitelyTyped/types/angular-q-extras/index.d.ts(28,169): error TS2304: Cannot find name 'IPromise'.\n../DefinitelyTyped/types/angular-q-extras/index.d.ts(29,54): error TS2304: Cannot find name 'IPromise'.\n../DefinitelyTyped/types/angular-q-extras/index.d.ts(29,73): error TS2304: Cannot find name 'IPromise'.\n../DefinitelyTyped/types/angular-q-extras/index.d.ts(29,92): error TS2304: Cannot find name 'IPromise'.\n../DefinitelyTyped/types/angular-q-extras/index.d.ts(29,111): error TS2304: Cannot find name 'IPromise'.\n../DefinitelyTyped/types/angular-q-extras/index.d.ts(29,130): error TS2304: Cannot find name 'IPromise'.\n../DefinitelyTyped/types/angular-q-extras/index.d.ts(29,146): error TS2304: Cannot find name 'IPromise'.\n../DefinitelyTyped/types/angular-q-extras/index.d.ts(30,50): error TS2304: Cannot find name 'IPromise'.\n../DefinitelyTyped/types/angular-q-extras/index.d.ts(30,69): error TS2304: Cannot find name 'IPromise'.\n../DefinitelyTyped/types/angular-q-extras/index.d.ts(30,88): error TS2304: Cannot find name 'IPromise'.\n../DefinitelyTyped/types/angular-q-extras/index.d.ts(30,107): error TS2304: Cannot find name 'IPromise'.\n../DefinitelyTyped/types/angular-q-extras/index.d.ts(30,123): error TS2304: Cannot find name 'IPromise'.\n../DefinitelyTyped/types/angular-q-extras/index.d.ts(31,46): error TS2304: Cannot find name 'IPromise'.\n../DefinitelyTyped/types/angular-q-extras/index.d.ts(31,65): error TS2304: Cannot find name 'IPromise'.\n../DefinitelyTyped/types/angular-q-extras/index.d.ts(31,84): error TS2304: Cannot find name 'IPromise'.\n../DefinitelyTyped/types/angular-q-extras/index.d.ts(31,100): error TS2304: Cannot find name 'IPromise'.\n../DefinitelyTyped/types/angular-q-extras/index.d.ts(32,42): error TS2304: Cannot find name 'IPromise'.\n../DefinitelyTyped/types/angular-q-extras/index.d.ts(32,61): error TS2304: Cannot find name 'IPromise'.\n../DefinitelyTyped/types/angular-q-extras/index.d.ts(32,77): error TS2304: Cannot find name 'IPromise'.\n../DefinitelyTyped/types/angular-q-extras/index.d.ts(35,49): error TS2304: Cannot find name 'IPromise'.\n../DefinitelyTyped/types/angular-q-extras/index.d.ts(35,67): error TS2304: Cannot find name 'IPromise'.\n../DefinitelyTyped/types/angular-q-extras/index.d.ts(37,59): error TS2304: Cannot find name 'IPromise'.\n../DefinitelyTyped/types/angular-q-extras/index.d.ts(37,80): error TS2304: Cannot find name 'IPromise'.\n6.index.ts(1,120): error TS2344: Type 'string' does not satisfy the constraint 'object'.\n"},{"item":"angular-q-spread","response":"error","message":"Error: Command failed: npx ttsc --project tsconfig.types.6.json\n\n../DefinitelyTyped/types/angular-q-spread/index.d.ts(7,20): error TS2307: Cannot find module 'angular'.\n"},{"item":"angular-resource","response":"error","message":"Error: Command failed: npx ttsc --project tsconfig.types.6.json\n\n../DefinitelyTyped/types/angular-resource/index.d.ts(10,26): error TS2307: Cannot find module 'angular'.\n../DefinitelyTyped/types/angular-resource/index.d.ts(77,32): error TS2304: Cannot find name 'IHttpRequestTransformer'.\n../DefinitelyTyped/types/angular-resource/index.d.ts(77,58): error TS2304: Cannot find name 'IHttpRequestTransformer'.\n../DefinitelyTyped/types/angular-resource/index.d.ts(78,33): error TS2304: Cannot find name 'IHttpResponseTransformer'.\n../DefinitelyTyped/types/angular-resource/index.d.ts(78,60): error TS2304: Cannot find name 'IHttpResponseTransformer'.\n../DefinitelyTyped/types/angular-resource/index.d.ts(80,31): error TS2304: Cannot find name 'ICacheObject'.\n../DefinitelyTyped/types/angular-resource/index.d.ts(147,21): error TS2304: Cannot find name 'IPromise'.\n../DefinitelyTyped/types/angular-resource/index.d.ts(148,74): error TS2304: Cannot find name 'IPromise'.\n../DefinitelyTyped/types/angular-resource/index.d.ts(149,56): error TS2304: Cannot find name 'IPromise'.\n../DefinitelyTyped/types/angular-resource/index.d.ts(151,23): error TS2304: Cannot find name 'IPromise'.\n../DefinitelyTyped/types/angular-resource/index.d.ts(152,76): error TS2304: Cannot find name 'IPromise'.\n../DefinitelyTyped/types/angular-resource/index.d.ts(153,58): error TS2304: Cannot find name 'IPromise'.\n../DefinitelyTyped/types/angular-resource/index.d.ts(155,22): error TS2304: Cannot find name 'IPromise'.\n../DefinitelyTyped/types/angular-resource/index.d.ts(156,75): error TS2304: Cannot find name 'IPromise'.\n../DefinitelyTyped/types/angular-resource/index.d.ts(157,57): error TS2304: Cannot find name 'IPromise'.\n../DefinitelyTyped/types/angular-resource/index.d.ts(159,24): error TS2304: Cannot find name 'IPromise'.\n../DefinitelyTyped/types/angular-resource/index.d.ts(160,77): error TS2304: Cannot find name 'IPromise'.\n../DefinitelyTyped/types/angular-resource/index.d.ts(161,59): error TS2304: Cannot find name 'IPromise'.\n../DefinitelyTyped/types/angular-resource/index.d.ts(163,24): error TS2304: Cannot find name 'IPromise'.\n../DefinitelyTyped/types/angular-resource/index.d.ts(164,77): error TS2304: Cannot find name 'IPromise'.\n../DefinitelyTyped/types/angular-resource/index.d.ts(165,59): error TS2304: Cannot find name 'IPromise'.\n../DefinitelyTyped/types/angular-resource/index.d.ts(170,23): error TS2304: Cannot find name 'IPromise'.\n../DefinitelyTyped/types/angular-resource/index.d.ts(182,23): error TS2304: Cannot find name 'IPromise'.\n../DefinitelyTyped/types/angular-resource/index.d.ts(193,52): error TS2304: Cannot find name 'IServiceProvider'.\n6.index.ts(1,120): error TS2344: Type 'string' does not satisfy the constraint 'object'.\n"},{"item":"angular-route","response":"error","message":"Error: Command failed: npx ttsc --project tsconfig.types.6.json\n\n../DefinitelyTyped/types/angular-route/index.d.ts(11,26): error TS2307: Cannot find module 'angular'.\n6.index.ts(1,117): error TS2344: Type 'string' does not satisfy the constraint 'object'.\n"},{"item":"angular-sanitize","response":"error","message":"Error: Command failed: npx ttsc --project tsconfig.types.6.json\n\n../DefinitelyTyped/types/angular-sanitize/index.d.ts(11,26): error TS2307: Cannot find module 'angular'.\n6.index.ts(1,120): error TS2344: Type 'string' does not satisfy the constraint 'object'.\n"},{"item":"angular-scenario","response":"error","message":"Error: Command failed: npx ttsc --project tsconfig.types.6.json\nCannot read property '0' of undefined\n"},{"item":"angular-scroll","response":"error","message":"Error: Command failed: npx ttsc --project tsconfig.types.6.json\nCannot read property '0' of undefined\n"},{"item":"angular-signalr-hub","response":"error","message":"Error: Command failed: npx ttsc --project tsconfig.types.6.json\nCannot read property '0' of undefined\n"},{"item":"angular-spinner","response":"error","message":"Error: Command failed: npx ttsc --project tsconfig.types.6.json\nCannot read property '0' of undefined\n"},{"item":"angular-storage","response":"error","message":"Error: Command failed: npx ttsc --project tsconfig.types.6.json\n\n../DefinitelyTyped/types/angular-storage/index.d.ts(7,23): error TS2688: Cannot find type definition file for 'angular'.\n../DefinitelyTyped/types/angular-storage/index.d.ts(12,26): error TS2307: Cannot find module 'angular'.\n6.index.ts(1,119): error TS2344: Type 'string' does not satisfy the constraint 'object'.\n"},{"item":"angular-strap","response":"error","message":"Error: Command failed: npx ttsc --project tsconfig.types.6.json\nCannot read property '0' of undefined\n"},{"item":"angular-toastr","response":"error","message":"Error: Command failed: npx ttsc --project tsconfig.types.6.json\nCannot read property 'find' of undefined\n"},{"item":"angular-toasty","response":"error","message":"Error: Command failed: npx ttsc --project tsconfig.types.6.json\nCannot read property '0' of undefined\n"},{"item":"angular-tooltips","response":"error","message":"Error: Command failed: npx ttsc --project tsconfig.types.7.json\n\n7.index.ts(1,120): error TS2344: Type '\"720kb.tooltips\"' does not satisfy the constraint 'object'.\n"},{"item":"angular-translate","response":"error","message":"Error: Command failed: npx ttsc --project tsconfig.types.7.json\n\n../DefinitelyTyped/types/angular-translate/index.d.ts(12,26): error TS2307: Cannot find module 'angular'.\n7.index.ts(1,121): error TS2344: Type 'string' does not satisfy the constraint 'object'.\n"},{"item":"angular-ui-bootstrap","response":"error","message":"Error: Command failed: npx ttsc --project tsconfig.types.7.json\n\n../DefinitelyTyped/types/angular-ui-bootstrap/index.d.ts(10,23): error TS2688: Cannot find type definition file for 'angular'.\n../DefinitelyTyped/types/angular-ui-bootstrap/index.d.ts(12,26): error TS2307: Cannot find module 'angular'.\n../DefinitelyTyped/types/angular-ui-bootstrap/index.d.ts(330,32): error TS2304: Cannot find name 'IPromise'.\n../DefinitelyTyped/types/angular-ui-bootstrap/index.d.ts(700,31): error TS2304: Cannot find name 'JQuery'.\n../DefinitelyTyped/types/angular-ui-bootstrap/index.d.ts(705,29): error TS2304: Cannot find name 'JQuery'.\n7.index.ts(1,124): error TS2344: Type '\"ui.bootstrap\"' does not satisfy the constraint 'object'.\n"},{"item":"angular-ui-notification","response":"error","message":"Error: Command failed: npx ttsc --project tsconfig.types.7.json\n\n../DefinitelyTyped/types/angular-ui-notification/index.d.ts(7,23): error TS2688: Cannot find type definition file for 'angular'.\n../DefinitelyTyped/types/angular-ui-notification/index.d.ts(9,26): error TS2307: Cannot find module 'angular'.\n../DefinitelyTyped/types/angular-ui-notification/index.d.ts(56,40): error TS2304: Cannot find name 'IPromise'.\n../DefinitelyTyped/types/angular-ui-notification/index.d.ts(57,37): error TS2304: Cannot find name 'IPromise'.\n../DefinitelyTyped/types/angular-ui-notification/index.d.ts(58,40): error TS2304: Cannot find name 'IPromise'.\n../DefinitelyTyped/types/angular-ui-notification/index.d.ts(59,40): error TS2304: Cannot find name 'IPromise'.\n../DefinitelyTyped/types/angular-ui-notification/index.d.ts(60,38): error TS2304: Cannot find name 'IPromise'.\n../DefinitelyTyped/types/angular-ui-notification/index.d.ts(64,53): error TS2304: Cannot find name 'IPromise'.\n"},{"item":"angular-ui-router","response":"error","message":"Error: Command failed: npx ttsc --project tsconfig.types.7.json\nCannot read property 'find' of undefined\n"},{"item":"angular-ui-scroll","response":"error","message":"Error: Command failed: npx ttsc --project tsconfig.types.7.json\n\n../DefinitelyTyped/types/angular-ui-scroll/index.d.ts(7,23): error TS2688: Cannot find type definition file for 'angular'.\n../DefinitelyTyped/types/angular-ui-scroll/index.d.ts(9,21): error TS2307: Cannot find module 'angular'.\n"},{"item":"angular-ui-sortable","response":"error","message":"Error: Command failed: npx ttsc --project tsconfig.types.7.json\nCannot read property 'kind' of undefined\n"},{"item":"angular-ui-tree","response":"error","message":"Error: Command failed: npx ttsc --project tsconfig.types.7.json\nCannot read property '0' of undefined\n"},{"item":"angular-websocket","response":"error","message":"Error: Command failed: npx ttsc --project tsconfig.types.7.json\nCannot read property 'find' of undefined\n"},{"item":"angular-wizard","response":"error","message":"Error: Command failed: npx ttsc --project tsconfig.types.7.json\n\n../DefinitelyTyped/types/angular-wizard/index.d.ts(7,26): error TS2307: Cannot find module 'angular'.\n"},{"item":"angular-xeditable","response":"error","message":"Error: Command failed: npx ttsc --project tsconfig.types.7.json\n\n../DefinitelyTyped/types/angular-xeditable/index.d.ts(7,26): error TS2307: Cannot find module 'angular'.\n"},{"item":"angular.throttle","response":"error","message":"Error: Command failed: npx ttsc --project tsconfig.types.7.json\n\n../DefinitelyTyped/types/angular.throttle/index.d.ts(7,23): error TS2688: Cannot find type definition file for 'angular'.\n../DefinitelyTyped/types/angular.throttle/index.d.ts(9,26): error TS2307: Cannot find module 'angular'.\n"},{"item":"angularfire","response":"error","message":"Error: Command failed: npx ttsc --project tsconfig.types.7.json\nCannot read property '0' of undefined\n"},{"item":"angularlocalstorage","response":"error","message":"Error: Command failed: npx ttsc --project tsconfig.types.7.json\n\n../DefinitelyTyped/types/angularlocalstorage/index.d.ts(7,23): error TS2688: Cannot find type definition file for 'angular'.\n../DefinitelyTyped/types/angularlocalstorage/index.d.ts(9,21): error TS2307: Cannot find module 'angular'.\n"},{"item":"angulartics","response":"error","message":"Error: Command failed: npx ttsc --project tsconfig.types.7.json\nCannot read property 'find' of undefined\n"},{"item":"animation-frame","response":"error","message":"Error: Command failed: npx ttsc --project tsconfig.types.7.json\nCannot read property '0' of undefined\n"},{"item":"animejs","response":"success"},{"item":"annyang","response":"success"},{"item":"ansi","response":"success"},{"item":"ansi-escape-sequences","response":"warning","message":"\u001b[33mWARNING\u001b[39m: Transformer - Not supported type: TypeQuery of ModuleDeclaration - it will convert to null\n\u001b[33mWARNING\u001b[39m: Transformer - Not supported type: TypeQuery of ModuleDeclaration - it will convert to null"},{"item":"ansi-styles","response":"success"},{"item":"ansicolors","response":"success"},{"item":"antlr4","response":"success"},{"item":"antlr4-autosuggest","response":"error","message":"Error: Command failed: npx ttsc --project tsconfig.types.7.json\nCannot read property 'kind' of undefined\n"},{"item":"any-db","response":"success"},{"item":"any-db-transaction","response":"error","message":"Error: Command failed: npx ttsc --project tsconfig.types.8.json\nCannot read property 'find' of undefined\n"},{"item":"anymatch","response":"success"},{"item":"anyproxy","response":"error","message":"Error: Command failed: npx ttsc --project tsconfig.types.8.json\nCannot read property 'kind' of undefined\n"},{"item":"aos","response":"success"},{"item":"apex.js","response":"error","message":"Error: Command failed: npx ttsc --project tsconfig.types.8.json\n\n../DefinitelyTyped/types/apex.js/index.d.ts(7,23): error TS2688: Cannot find type definition file for 'aws-lambda'.\n../DefinitelyTyped/types/apex.js/index.d.ts(9,46): error TS2503: Cannot find namespace 'AWSLambda'.\n../DefinitelyTyped/types/apex.js/index.d.ts(9,96): error TS2503: Cannot find namespace 'AWSLambda'.\n../DefinitelyTyped/types/apex.js/index.d.ts(9,125): error TS2503: Cannot find namespace 'AWSLambda'.\n"},{"item":"api-error-handler","response":"error","message":"Error: Command failed: npx ttsc --project tsconfig.types.8.json\nCannot read property 'find' of undefined\n"},{"item":"apicache","response":"error","message":"Error: Command failed: npx ttsc --project tsconfig.types.8.json\n\n../DefinitelyTyped/types/apicache/index.d.ts(6,29): error TS2307: Cannot find module 'redis'.\n"},{"item":"apigee-access","response":"warning","message":"\u001b[33mWARNING\u001b[39m: Transformer - Not supported type: TypeQuery of ModuleDeclaration - it will convert to null"},{"item":"apimocker","response":"error","message":"Error: Command failed: npx ttsc --project tsconfig.types.8.json\nCannot read property 'find' of undefined\n"},{"item":"apollo-codegen","response":"success"},{"item":"apollo-upload-client","response":"error","message":"Error: Command failed: npx ttsc --project tsconfig.types.8.json\nCannot read property '0' of undefined\n"},{"item":"apostrophe","response":"success"},{"item":"app-module-path","response":"success"},{"item":"app-root-dir","response":"success"},{"item":"app-root-path","response":"success"},{"item":"appdmg","response":"success"},{"item":"append-query","response":"success"},{"item":"appframework","response":"error","message":"Error: Command failed: npx ttsc --project tsconfig.types.8.json\nCannot read property '0' of undefined\n"},{"item":"apple-mapkit-js","response":"error","message":"Error: Command failed: npx ttsc --project tsconfig.types.8.json\nCannot read property '0' of undefined\n"},{"item":"apple-music-api","response":"error","message":"Error: Command failed: npx ttsc --project tsconfig.types.8.json\nCannot read property '0' of undefined\n"},{"item":"applepayjs","response":"error","message":"Error: Command failed: npx ttsc --project tsconfig.types.8.json\nCannot read property '0' of undefined\n"},{"item":"appletvjs","response":"error","message":"Error: Command failed: npx ttsc --project tsconfig.types.8.json\nCannot read property '0' of undefined\n"},{"item":"applicationinsights-js","response":"error","message":"Error: Command failed: npx ttsc --project tsconfig.types.8.json\nCannot read property '0' of undefined\n"},{"item":"apptimize__apptimize-web-sdk","response":"success"},{"item":"aqb","response":"success"},{"item":"arangodb","response":"error","message":"Error: Command failed: npx ttsc --project tsconfig.types.9.json\nCannot read property '0' of undefined\n"},{"item":"arbiter","response":"error","message":"Error: Command failed: npx ttsc --project tsconfig.types.9.json\nCannot read property '0' of undefined\n"},{"item":"arcgis-js-api","response":"error","message":"Error: Command failed: npx ttsc --project tsconfig.types.9.json\nCannot read property '0' of undefined\n"},{"item":"arcgis-rest-api","response":"success"},{"item":"arcgis-to-geojson-utils","response":"error","message":"Error: Command failed: npx ttsc --project tsconfig.types.9.json\nCannot read property 'declarations' of undefined\n"},{"item":"architect","response":"success"},{"item":"archiver","response":"success"},{"item":"archy","response":"success"},{"item":"are-we-there-yet","response":"success"},{"item":"argon2-browser","response":"success"},{"item":"argparse","response":"error","message":"Error: Command failed: npx ttsc --project tsconfig.types.9.json\nCannot read property 'declarations' of undefined\n"},{"item":"args","response":"success"},{"item":"argv","response":"success"},{"item":"aria-query","response":"success"},{"item":"arr-diff","response":"success"},{"item":"arr-union","response":"success"},{"item":"array-binarysearch.closest","response":"success"},{"item":"array-find-index","response":"success"},{"item":"array-foreach","response":"success"},{"item":"array-sort","response":"success"},{"item":"array-unique","response":"success"},{"item":"array.from","response":"success"},{"item":"array.prototype.flat","response":"success"},{"item":"array.prototype.flatmap","response":"success"},{"item":"artillery","response":"error","message":"Error: Command failed: npx ttsc --project tsconfig.types.9.json\nCannot read property 'find' of undefined\n"},{"item":"asana","response":"warning","message":"\u001b[33mWARNING\u001b[39m: Transformer - Not supported type: NamespaceImport - it will convert to null\n\u001b[33mWARNING\u001b[39m: Transformer - Not supported type: NamespaceImport - it will convert to null\n\u001b[33mWARNING\u001b[39m: Transformer - Not supported type: NamespaceImport - it will convert to null\n\u001b[33mWARNING\u001b[39m: Transformer - Not supported type: NamespaceImport - it will convert to null\n\u001b[33mWARNING\u001b[39m: Transformer - Not supported type: NamespaceImport - it will convert to null\n\u001b[33mWARNING\u001b[39m: Transformer - Not supported type: NamespaceImport - it will convert to null\n\u001b[33mWARNING\u001b[39m: Transformer - Not supported type: NamespaceImport - it will convert to null\n\u001b[33mWARNING\u001b[39m: Transformer - Not supported type: ModuleDeclaration - it will convert to null\n\u001b[33mWARNING\u001b[39m: Transformer - Not supported type: ModuleDeclaration - it will convert to null\n\u001b[33mWARNING\u001b[39m: Transformer - Not supported type: ModuleDeclaration - it will convert to null\n\u001b[33mWARNING\u001b[39m: Transformer - Not supported type: ModuleDeclaration - it will convert to null\n\u001b[33mWARNING\u001b[39m: Transformer - Not supported type: ModuleDeclaration - it will convert to null\n\u001b[33mWARNING\u001b[39m: Transformer - Not supported type: ModuleDeclaration - it will convert to null\n\u001b[33mWARNING\u001b[39m: Transformer - Not supported type: ModuleDeclaration - it will convert to null\n\u001b[33mWARNING\u001b[39m: Transformer - Not supported type: ModuleDeclaration - it will convert to null\n\u001b[33mWARNING\u001b[39m: Transformer - Not supported type: ModuleDeclaration - it will convert to null\n\u001b[33mWARNING\u001b[39m: Transformer - Not supported type: ModuleDeclaration - it will convert to null\n\u001b[33mWARNING\u001b[39m: Transformer - Not supported type: NamespaceImport - it will convert to null\n\u001b[33mWARNING\u001b[39m: Transformer - Not supported type: NamespaceImport - it will convert to null\n\u001b[33mWARNING\u001b[39m: Transformer - Not supported type: NamespaceImport - it will convert to null\n\u001b[33mWARNING\u001b[39m: Transformer - Not supported type: TypeQuery of ModuleDeclaration - it will convert to null\n\u001b[33mWARNING\u001b[39m: Transformer - Not supported type: TypeQuery of ModuleDeclaration - it will convert to null\n\u001b[33mWARNING\u001b[39m: Transformer - Not supported type: TypeQuery of ModuleDeclaration - it will convert to null"},{"item":"asap","response":"success"},{"item":"ascii-art","response":"success"},{"item":"ascii2mathml","response":"success"},{"item":"asciichart","response":"success"},{"item":"asciify","response":"error","message":"Error: Command failed: npx ttsc --project tsconfig.types.10.json\nCannot read property '0' of undefined\n"},{"item":"asenv","response":"success"},{"item":"asn1","response":"warning","message":"\u001b[33mWARNING\u001b[39m: Transformer - Not supported type: BigIntKeyword - it will convert to null\n\u001b[33mWARNING\u001b[39m: Transformer - Not supported type: BigIntKeyword - it will convert to null\n\u001b[33mWARNING\u001b[39m: Transformer - Not supported type: BigIntKeyword - it will convert to null\n\u001b[33mWARNING\u001b[39m: Transformer - Not supported type: BigIntKeyword - it will convert to null\n\u001b[33mWARNING\u001b[39m: Transformer - Not supported type: TypeQuery of ModuleDeclaration - it will convert to null"},{"item":"asn1js","response":"error","message":"Error: Command failed: npx ttsc --project tsconfig.types.10.json\nCannot read property 'kind' of undefined\n"},{"item":"aspnet-identity-pw","response":"success"},{"item":"assert","response":"success"},{"item":"assert-equal-jsx","response":"error","message":"Error: Command failed: npx ttsc --project tsconfig.types.10.json\n\n../DefinitelyTyped/types/assert-equal-jsx/index.d.ts(7,24): error TS2307: Cannot find module 'react'.\n../DefinitelyTyped/types/assert-equal-jsx/index.d.ts(15,41): error TS2503: Cannot find namespace 'JSX'.\n../DefinitelyTyped/types/assert-equal-jsx/index.d.ts(15,64): error TS2503: Cannot find namespace 'JSX'.\n"},{"item":"assert-plus","response":"success"},{"item":"assertsharp","response":"success"},{"item":"assets-webpack-plugin","response":"error","message":"Error: Command failed: npx ttsc --project tsconfig.types.10.json\nCannot read property '0' of undefined\n"},{"item":"astring","response":"error","message":"Error: Command failed: npx ttsc --project tsconfig.types.10.json\n\n../DefinitelyTyped/types/astring/index.d.ts(7,25): error TS2307: Cannot find module 'estree'.\n"},{"item":"async","response":"error","message":"Error: Command failed: npx ttsc --project tsconfig.types.10.json\nCannot read property 'kind' of undefined\n"},{"item":"async-busboy","response":"error","message":"Error: Command failed: npx ttsc --project tsconfig.types.10.json\n\n../DefinitelyTyped/types/async-busboy/index.d.ts(7,21): error TS2307: Cannot find module 'fs'.\n../DefinitelyTyped/types/async-busboy/index.d.ts(8,23): error TS2307: Cannot find module 'http'.\n../DefinitelyTyped/types/async-busboy/index.d.ts(10,25): error TS2307: Cannot find module 'busboy'.\n../DefinitelyTyped/types/async-busboy/index.d.ts(15,11): error TS2503: Cannot find namespace 'NodeJS'.\n"},{"item":"async-cache","response":"success"},{"item":"async-eventemitter","response":"error","message":"Error: Command failed: npx ttsc --project tsconfig.types.10.json\nCannot read property 'kind' of undefined\n"},{"item":"async-lock","response":"success"},{"item":"async-polling","response":"success"},{"item":"async-retry","response":"error","message":"Error: Command failed: npx ttsc --project tsconfig.types.10.json\n\n../DefinitelyTyped/types/async-retry/index.d.ts(9,34): error TS2307: Cannot find module 'retry'.\n"},{"item":"async-stream-generator","response":"success"},{"item":"async-writer","response":"success"},{"item":"async.nexttick","response":"success"},{"item":"asynciterator","response":"error","message":"Error: Command failed: npx ttsc --project tsconfig.types.11.json\nCannot read property 'kind' of undefined\n"},{"item":"athenajs","response":"error","message":"Error: Command failed: npx ttsc --project tsconfig.types.11.json\nCannot read property 'kind' of undefined\n"},{"item":"atlaskit__button","response":"error","message":"Error: Command failed: npx ttsc --project tsconfig.types.11.json\nCannot read property 'find' of undefined\n"},{"item":"atlaskit__calendar","response":"error","message":"Error: Command failed: npx ttsc --project tsconfig.types.11.json\nCannot read property 'find' of undefined\n"},{"item":"atlaskit__feedback-collector","response":"error","message":"Error: Command failed: npx ttsc --project tsconfig.types.11.json\nCannot read property 'find' of undefined\n"},{"item":"atlaskit__inline-edit","response":"error","message":"Error: Command failed: npx ttsc --project tsconfig.types.11.json\nCannot read property 'find' of undefined\n"},{"item":"atlaskit__layer","response":"error","message":"Error: Command failed: npx ttsc --project tsconfig.types.11.json\nCannot read property 'find' of undefined\n"},{"item":"atlaskit__single-select","response":"error","message":"Error: Command failed: npx ttsc --project tsconfig.types.11.json\nCannot read property 'find' of undefined\n"},{"item":"atlaskit__tree","response":"error","message":"Error: Command failed: npx ttsc --project tsconfig.types.11.json\nCannot read property 'find' of undefined\n"},{"item":"atlassian-crowd-client","response":"success"},{"item":"atmosphere.js","response":"error","message":"Error: Command failed: npx ttsc --project tsconfig.types.11.json\nCannot read property '0' of undefined\n"},{"item":"atob","response":"success"},{"item":"atob-lite","response":"success"},{"item":"atom","response":"error","message":"Error: Command failed: npx ttsc --project tsconfig.types.11.json\nCannot read property 'declarations' of undefined\n"},{"item":"atom-keymap","response":"error","message":"Error: Command failed: npx ttsc --project tsconfig.types.11.json\nCannot read property 'find' of undefined\n"},{"item":"atom-mocha-test-runner","response":"error","message":"Error: Command failed: npx ttsc --project tsconfig.types.11.json\nCannot read property 'find' of undefined\n"},{"item":"atpl","response":"success"},{"item":"audio-context","response":"success"},{"item":"audio-play","response":"success"},{"item":"audiobuffer-to-wav","response":"success"},{"item":"audiosprite","response":"success"},{"item":"auth-header","response":"success"},{"item":"auth0","response":"success"},{"item":"auth0-angular","response":"error","message":"Error: Command failed: npx ttsc --project tsconfig.types.11.json\nCannot read property '0' of undefined\n"},{"item":"auth0-js","response":"error","message":"Error: Command failed: npx ttsc --project tsconfig.types.12.json\nCannot read property 'kind' of undefined\n"},{"item":"auth0-lock","response":"error","message":"Error: Command failed: npx ttsc --project tsconfig.types.12.json\nCannot read property '0' of undefined\n"},{"item":"auth0.widget","response":"error","message":"Error: Command failed: npx ttsc --project tsconfig.types.12.json\nCannot read property '0' of undefined\n"},{"item":"authenticator","response":"success"},{"item":"auto-launch","response":"success"},{"item":"auto-sni","response":"warning","message":"\u001b[33mWARNING\u001b[39m: Transformer - Not supported type: BigIntKeyword - it will convert to null\n\u001b[33mWARNING\u001b[39m: Transformer - Not supported type: BigIntKeyword - it will convert to null\n\u001b[33mWARNING\u001b[39m: Transformer - Not supported type: BigIntKeyword - it will convert to null\n\u001b[33mWARNING\u001b[39m: Transformer - Not supported type: BigIntKeyword - it will convert to null"},{"item":"autobahn","response":"error","message":"Error: Command failed: npx ttsc --project tsconfig.types.12.json\nCannot read property 'declarations' of undefined\n"},{"item":"autocannon","response":"success"},{"item":"autoprefixer","response":"error","message":"Error: Command failed: npx ttsc --project tsconfig.types.12.json\n\n../DefinitelyTyped/types/autoprefixer/index.d.ts(10,23): error TS2307: Cannot find module 'browserslist'.\n"},{"item":"autoprefixer-core","response":"success"},{"item":"autosize","response":"error","message":"Error: Command failed: npx ttsc --project tsconfig.types.12.json\n\n../DefinitelyTyped/types/autosize/index.d.ts(7,23): error TS2688: Cannot find type definition file for 'jquery'.\n../DefinitelyTyped/types/autosize/index.d.ts(20,39): error TS2304: Cannot find name 'JQuery'.\n../DefinitelyTyped/types/autosize/index.d.ts(20,48): error TS2304: Cannot find name 'JQuery'.\n../DefinitelyTyped/types/autosize/index.d.ts(40,33): error TS2304: Cannot find name 'JQuery'.\n../DefinitelyTyped/types/autosize/index.d.ts(40,42): error TS2304: Cannot find name 'JQuery'.\n../DefinitelyTyped/types/autosize/index.d.ts(53,34): error TS2304: Cannot find name 'JQuery'.\n../DefinitelyTyped/types/autosize/index.d.ts(53,43): error TS2304: Cannot find name 'JQuery'.\n"},{"item":"autosuggest-highlight","response":"error","message":"Error: Command failed: npx ttsc --project tsconfig.types.12.json\nCannot read property '0' of undefined\n"},{"item":"avoscloud-sdk","response":"error","message":"Error: Command failed: npx ttsc --project tsconfig.types.12.json\nCannot read property '0' of undefined\n"},{"item":"await-timeout","response":"success"},{"item":"awesomplete","response":"success"},{"item":"aws-iot-device-sdk","response":"warning","message":"\u001b[33mWARNING\u001b[39m: Transformer - Not supported type: ExportSpecifier - it will convert to null\n\u001b[33mWARNING\u001b[39m: Transformer - Not supported type: ExportSpecifier - it will convert to null\n\u001b[33mWARNING\u001b[39m: Transformer - Not supported type: ExportSpecifier - it will convert to null\n\u001b[33mWARNING\u001b[39m: Transformer - Not supported type: ExportSpecifier - it will convert to null\n\u001b[33mWARNING\u001b[39m: Transformer - Not supported type: ExportSpecifier - it will convert to null\n\u001b[33mWARNING\u001b[39m: Transformer - Not supported type: ExportSpecifier - it will convert to null\n\u001b[33mWARNING\u001b[39m: Transformer - Not supported type: ExportSpecifier - it will convert to null\n\u001b[33mWARNING\u001b[39m: Transformer - Not supported type: ExportSpecifier - it will convert to null\n\u001b[33mWARNING\u001b[39m: Transformer - Not supported type: ExportSpecifier - it will convert to null\n\u001b[33mWARNING\u001b[39m: Transformer - Not supported type: ExportSpecifier - it will convert to null\n\u001b[33mWARNING\u001b[39m: Transformer - Not supported type: ExportSpecifier - it will convert to null\n\u001b[33mWARNING\u001b[39m: Transformer - Not supported type: ExportSpecifier - it will convert to null\n\u001b[33mWARNING\u001b[39m: Transformer - Not supported type: ExportSpecifier - it will convert to null"},{"item":"aws-lambda","response":"success"},{"item":"aws-param-store","response":"success"},{"item":"aws-regions","response":"success"},{"item":"aws-serverless-express","response":"error","message":"Error: Command failed: npx ttsc --project tsconfig.types.12.json\n\n../DefinitelyTyped/types/aws-serverless-express/index.d.ts(12,25): error TS2307: Cannot find module 'aws-lambda'.\n"},{"item":"aws4","response":"success"},{"item":"axe-webdriverjs","response":"error","message":"Error: Command failed: npx ttsc --project tsconfig.types.12.json\n\n../DefinitelyTyped/types/axe-webdriverjs/index.d.ts(9,27): error TS2307: Cannot find module 'selenium-webdriver'.\n"},{"item":"axel","response":"error","message":"Error: Command failed: npx ttsc --project tsconfig.types.12.json\nCannot read property '0' of undefined\n"},{"item":"axios-cancel","response":"success"},{"item":"axios-case-converter","response":"success"},{"item":"axios-curlirize","response":"success"},{"item":"axios-token-interceptor","response":"success"},{"item":"axon","response":"warning","message":"\u001b[33mWARNING\u001b[39m: Transformer - Not supported type: BigIntKeyword - it will convert to null\n\u001b[33mWARNING\u001b[39m: Transformer - Not supported type: BigIntKeyword - it will convert to null\n\u001b[33mWARNING\u001b[39m: Transformer - Not supported type: BigIntKeyword - it will convert to null\n\u001b[33mWARNING\u001b[39m: Transformer - Not supported type: BigIntKeyword - it will convert to null"},{"item":"azure","response":"error","message":"Error: Command failed: npx ttsc --project tsconfig.types.13.json\nCannot read property 'kind' of undefined\n\n\u001b[33mWARNING\u001b[39m: Transformer - Not supported type: TypeQuery of ModuleDeclaration - it will convert to null\n\u001b[33mWARNING\u001b[39m: Transformer - Not supported type: TypeQuery of ModuleDeclaration - it will convert to null\n\u001b[33mWARNING\u001b[39m: Transformer - Not supported type: TypeQuery of ModuleDeclaration - it will convert to null\n\u001b[33mWARNING\u001b[39m: Transformer - Not supported type: TypeQuery of ModuleDeclaration - it will convert to null\n\u001b[33mWARNING\u001b[39m: Transformer - Not supported type: TypeQuery of ModuleDeclaration - it will convert to null\n"},{"item":"azure-kusto-data","response":"success"},{"item":"azure-mobile-services-client","response":"error","message":"Error: Command failed: npx ttsc --project tsconfig.types.13.json\nCannot read property '0' of undefined\n"},{"item":"azure-sb","response":"error","message":"Error: Command failed: npx ttsc --project tsconfig.types.13.json\nCannot read property 'find' of undefined\n"},{"item":"b2a","response":"success"},{"item":"b64-lite","response":"success"},{"item":"b_","response":"success"},{"item":"babel-code-frame","response":"success"},{"item":"babel-core","response":"error","message":"Error: Command failed: npx ttsc --project tsconfig.types.13.json\nCannot read property '0' of undefined\n"},{"item":"babel-generator","response":"error","message":"Error: Command failed: npx ttsc --project tsconfig.types.13.json\n\n../DefinitelyTyped/types/babel-generator/index.d.ts(8,20): error TS2307: Cannot find module 'babel-types'.\n"},{"item":"babel-plugin-macros","response":"error","message":"Error: Command failed: npx ttsc --project tsconfig.types.13.json\nCannot read property '0' of undefined\n"},{"item":"babel-plugin-react-pug","response":"error","message":"Error: Command failed: npx ttsc --project tsconfig.types.13.json\nCannot read property '0' of undefined\n"},{"item":"babel-plugin-syntax-jsx","response":"success"},{"item":"babel-template","response":"error","message":"Error: Command failed: npx ttsc --project tsconfig.types.13.json\nCannot read property 'find' of undefined\n"},{"item":"babel-traverse","response":"error","message":"Error: Command failed: npx ttsc --project tsconfig.types.13.json\nCannot read property 'find' of undefined\n"},{"item":"babel-types","response":"error","message":"Error: Command failed: npx ttsc --project tsconfig.types.13.json\nMaximum call stack size exceeded\n"},{"item":"babel-webpack-plugin","response":"error","message":"Error: Command failed: npx ttsc --project tsconfig.types.13.json\n\n../DefinitelyTyped/types/babel-webpack-plugin/index.d.ts(8,34): error TS2307: Cannot find module 'babel-core'.\n"},{"item":"babel__code-frame","response":"success"},{"item":"babel__core","response":"error","message":"Error: Command failed: npx ttsc --project tsconfig.types.13.json\nCannot read property '0' of undefined\n"},{"item":"babel__generator","response":"success"},{"item":"babel__standalone","response":"success"},{"item":"babel__template","response":"error","message":"Error: Command failed: npx ttsc --project tsconfig.types.13.json\nCannot read property 'kind' of undefined\n"},{"item":"babel__traverse","response":"error","message":"Error: Command failed: npx ttsc --project tsconfig.types.14.json\nCannot read property '0' of undefined\n"},{"item":"babelify","response":"error","message":"Error: Command failed: npx ttsc --project tsconfig.types.14.json\n\n../DefinitelyTyped/types/babelify/index.d.ts(13,24): error TS2307: Cannot find module 'babel-core'.\n"},{"item":"babylon","response":"error","message":"Error: Command failed: npx ttsc --project tsconfig.types.14.json\nCannot read property 'find' of undefined\n"},{"item":"babylon-walk","response":"error","message":"Error: Command failed: npx ttsc --project tsconfig.types.14.json\nCannot read property 'find' of undefined\n"},{"item":"babyparse","response":"error","message":"Error: Command failed: npx ttsc --project tsconfig.types.14.json\nCannot read property '0' of undefined\n"},{"item":"backbone","response":"error","message":"Error: Command failed: npx ttsc --project tsconfig.types.14.json\nCannot read property 'declarations' of undefined\n"},{"item":"backbone-associations","response":"error","message":"Error: Command failed: npx ttsc --project tsconfig.types.14.json\n\n../DefinitelyTyped/types/backbone-associations/index.d.ts(7,27): error TS2307: Cannot find module 'backbone'.\n"},{"item":"backbone-fetch-cache","response":"error","message":"Error: Command failed: npx ttsc --project tsconfig.types.14.json\nCannot read property 'declarations' of undefined\n"},{"item":"backbone-relational","response":"error","message":"Error: Command failed: npx ttsc --project tsconfig.types.14.json\nCannot read property 'find' of undefined\n"},{"item":"backbone.layoutmanager","response":"error","message":"Error: Command failed: npx ttsc --project tsconfig.types.14.json\n\n../DefinitelyTyped/types/backbone.layoutmanager/index.d.ts(7,23): error TS2688: Cannot find type definition file for 'jquery'.\n../DefinitelyTyped/types/backbone.layoutmanager/index.d.ts(9,27): error TS2307: Cannot find module 'backbone'.\n../DefinitelyTyped/types/backbone.layoutmanager/index.d.ts(12,41): error TS2304: Cannot find name 'Model'.\n../DefinitelyTyped/types/backbone.layoutmanager/index.d.ts(12,56): error TS2304: Cannot find name 'ViewOptions'.\n../DefinitelyTyped/types/backbone.layoutmanager/index.d.ts(14,39): error TS2304: Cannot find name 'View'.\n../DefinitelyTyped/types/backbone.layoutmanager/index.d.ts(22,30): error TS2304: Cannot find name 'Model'.\n../DefinitelyTyped/types/backbone.layoutmanager/index.d.ts(22,45): error TS2304: Cannot find name 'View'.\n../DefinitelyTyped/types/backbone.layoutmanager/index.d.ts(32,14): error TS2304: Cannot find name 'JQueryPromise'.\n../DefinitelyTyped/types/backbone.layoutmanager/index.d.ts(54,56): error TS2304: Cannot find name 'Model'.\n"},{"item":"backbone.localstorage","response":"error","message":"Error: Command failed: npx ttsc --project tsconfig.types.14.json\n\n../DefinitelyTyped/types/backbone.localstorage/index.d.ts(7,27): error TS2307: Cannot find module 'backbone'.\n"},{"item":"backbone.marionette","response":"error","message":"Error: Command failed: npx ttsc --project tsconfig.types.14.json\nCannot read property 'kind' of undefined\n"},{"item":"backbone.paginator","response":"error","message":"Error: Command failed: npx ttsc --project tsconfig.types.14.json\n\n../DefinitelyTyped/types/backbone.paginator/index.d.ts(7,27): error TS2307: Cannot find module 'backbone'.\n../DefinitelyTyped/types/backbone.paginator/index.d.ts(39,11): error TS2304: Cannot find name 'JQueryXHR'.\n../DefinitelyTyped/types/backbone.paginator/index.d.ts(42,54): error TS2304: Cannot find name 'Model'.\n../DefinitelyTyped/types/backbone.paginator/index.d.ts(53,33): error TS2304: Cannot find name 'CollectionFetchOptions'.\n../DefinitelyTyped/types/backbone.paginator/index.d.ts(53,56): error TS2304: Cannot find name 'Silenceable'.\n../DefinitelyTyped/types/backbone.paginator/index.d.ts(55,43): error TS2304: Cannot find name 'Model'.\n../DefinitelyTyped/types/backbone.paginator/index.d.ts(55,58): error TS2304: Cannot find name 'Collection'.\n../DefinitelyTyped/types/backbone.paginator/index.d.ts(57,21): error TS2304: Cannot find name 'Collection'.\n../DefinitelyTyped/types/backbone.paginator/index.d.ts(64,21): error TS2304: Cannot find name 'CollectionFetchOptions'.\n../DefinitelyTyped/types/backbone.paginator/index.d.ts(64,46): error TS2304: Cannot find name 'JQueryXHR'.\n../DefinitelyTyped/types/backbone.paginator/index.d.ts(67,37): error TS2304: Cannot find name 'JQueryXHR'.\n../DefinitelyTyped/types/backbone.paginator/index.d.ts(70,37): error TS2304: Cannot find name 'JQueryXHR'.\n../DefinitelyTyped/types/backbone.paginator/index.d.ts(73,37): error TS2304: Cannot find name 'JQueryXHR'.\n../DefinitelyTyped/types/backbone.paginator/index.d.ts(76,37): error TS2304: Cannot find name 'JQueryXHR'.\n../DefinitelyTyped/types/backbone.paginator/index.d.ts(79,37): error TS2304: Cannot find name 'JQueryXHR'.\n../DefinitelyTyped/types/backbone.paginator/index.d.ts(82,37): error TS2304: Cannot find name 'JQueryXHR'.\n../DefinitelyTyped/types/backbone.paginator/index.d.ts(98,27): error TS2304: Cannot find name 'CollectionFetchOptions'.\n../DefinitelyTyped/types/backbone.paginator/index.d.ts(99,21): error TS2304: Cannot find name 'JQueryXHR'.\n../DefinitelyTyped/types/backbone.paginator/index.d.ts(106,21): error TS2304: Cannot find name 'JQueryXHR'.\n../DefinitelyTyped/types/backbone.paginator/index.d.ts(109,24): error TS2304: Cannot find name 'Collection'.\n../DefinitelyTyped/types/backbone.paginator/index.d.ts(110,26): error TS2304: Cannot find name 'JQueryXHR'.\n"},{"item":"backbone.radio","response":"error","message":"Error: Command failed: npx ttsc --project tsconfig.types.14.json\nCannot read property '0' of undefined\n"},{"item":"backgrid","response":"error","message":"Error: Command failed: npx ttsc --project tsconfig.types.14.json\nCannot read property 'find' of undefined\n"},{"item":"backlog-js","response":"warning","message":"\u001b[33mWARNING\u001b[39m: Transformer - Not supported type: TypeQuery of ModuleDeclaration - it will convert to null\n\u001b[33mWARNING\u001b[39m: Transformer - Not supported type: TypeQuery of ModuleDeclaration - it will convert to null\n\u001b[33mWARNING\u001b[39m: Transformer - Not supported type: TypeQuery of ModuleDeclaration - it will convert to null"},{"item":"backo2","response":"success"},{"item":"backoff","response":"error","message":"Error: Command failed: npx ttsc --project tsconfig.types.14.json\nCannot read property 'kind' of undefined\n"},{"item":"backstopjs","response":"success"},{"item":"bagpipes","response":"success"},{"item":"baidu-app","response":"error","message":"Error: Command failed: npx ttsc --project tsconfig.types.14.json\nCannot read property '0' of undefined\n"},{"item":"baidumap-web-sdk","response":"error","message":"Error: Command failed: npx ttsc --project tsconfig.types.14.json\nCannot read property '0' of undefined\n"},{"item":"balanced-match","response":"success"},{"item":"bandagedbd__bdapi","response":"error","message":"Error: Command failed: npx ttsc --project tsconfig.types.14.json\n\n\u001b[33mWARNING\u001b[39m: Transformer - Not supported type: TypeQuery of ModuleDeclaration - it will convert to null\n\u001b[33mWARNING\u001b[39m: Transformer - Not supported type: TypeQuery of ModuleDeclaration - it will convert to null\n../DefinitelyTyped/types/bandagedbd__bdapi/index.d.ts(8,32): error TS2307: Cannot find module 'react'.\n../DefinitelyTyped/types/bandagedbd__bdapi/index.d.ts(9,35): error TS2307: Cannot find module 'react-dom'.\n"},{"item":"barbellweights","response":"success"},{"item":"barcode","response":"success"},{"item":"bardjs","response":"error","message":"Error: Command failed: npx ttsc --project tsconfig.types.15.json\nCannot read property '0' of undefined\n"},{"item":"base-64","response":"success"},{"item":"base16","response":"success"},{"item":"base64-arraybuffer","response":"success"},{"item":"base64-async","response":"success"},{"item":"base64-js","response":"success"},{"item":"base64-url","response":"success"},{"item":"base64topdf","response":"success"},{"item":"bases","response":"success"},{"item":"bash-glob","response":"success"},{"item":"basic-auth","response":"success"},{"item":"basicauth-middleware","response":"error","message":"Error: Command failed: npx ttsc --project tsconfig.types.15.json\nCannot read property 'find' of undefined\n"},{"item":"basiclightbox","response":"success"},{"item":"batch-stream","response":"success"},{"item":"battery-level","response":"success"},{"item":"bayes-classifier","response":"success"},{"item":"bazinga-translator","response":"error","message":"Error: Command failed: npx ttsc --project tsconfig.types.15.json\nCannot read property '0' of undefined\n"},{"item":"bchaddrjs","response":"warning","message":"\u001b[33mWARNING\u001b[39m: Transformer - Not supported type: TypeQuery of ModuleDeclaration - it will convert to null\n\u001b[33mWARNING\u001b[39m: Transformer - Not supported type: TypeQuery of ModuleDeclaration - it will convert to null\n\u001b[33mWARNING\u001b[39m: Transformer - Not supported type: TypeQuery of ModuleDeclaration - it will convert to null"},{"item":"bcp-47","response":"success"},{"item":"bcp-47-match","response":"success"},{"item":"bcrypt","response":"success"},{"item":"bcrypt-nodejs","response":"success"},{"item":"bcryptjs","response":"success"},{"item":"bdfjs","response":"success"},{"item":"beanstalkd","response":"error","message":"Error: Command failed: npx ttsc --project tsconfig.types.16.json\nCannot read property 'kind' of undefined\n"},{"item":"beanstalkd-worker","response":"error","message":"Error: Command failed: npx ttsc --project tsconfig.types.16.json\nCannot read property 'find' of undefined\n"},{"item":"beats","response":"success"},{"item":"bech32","response":"warning","message":"\u001b[33mWARNING\u001b[39m: Transformer - Not supported type: BigIntKeyword - it will convert to null\n\u001b[33mWARNING\u001b[39m: Transformer - Not supported type: BigIntKeyword - it will convert to null\n\u001b[33mWARNING\u001b[39m: Transformer - Not supported type: BigIntKeyword - it will convert to null\n\u001b[33mWARNING\u001b[39m: Transformer - Not supported type: BigIntKeyword - it will convert to null"},{"item":"behavior3","response":"error","message":"Error: Command failed: npx ttsc --project tsconfig.types.16.json\nCannot read property '0' of undefined\n"},{"item":"bell","response":"error","message":"Error: Command failed: npx ttsc --project tsconfig.types.16.json\nCannot read property 'find' of undefined\n"},{"item":"benchmark","response":"success"},{"item":"bencode","response":"warning","message":"\u001b[33mWARNING\u001b[39m: Transformer - Not supported type: BigIntKeyword - it will convert to null\n\u001b[33mWARNING\u001b[39m: Transformer - Not supported type: BigIntKeyword - it will convert to null\n\u001b[33mWARNING\u001b[39m: Transformer - Not supported type: BigIntKeyword - it will convert to null\n\u001b[33mWARNING\u001b[39m: Transformer - Not supported type: BigIntKeyword - it will convert to null"},{"item":"bent","response":"success"},{"item":"better-curry","response":"error","message":"Error: Command failed: npx ttsc --project tsconfig.types.16.json\nCannot read property '0' of undefined\n"},{"item":"better-queue","response":"success"},{"item":"better-scroll","response":"success"},{"item":"better-sqlite3","response":"error","message":"Error: Command failed: npx ttsc --project tsconfig.types.16.json\nCannot read property 'find' of undefined\n"},{"item":"bezier-js","response":"error","message":"Error: Command failed: npx ttsc --project tsconfig.types.16.json\nCannot read property '0' of undefined\n"},{"item":"bgiframe","response":"error","message":"Error: Command failed: npx ttsc --project tsconfig.types.16.json\nCannot read property '0' of undefined\n"},{"item":"bidirectional-map","response":"error","message":"Error: Command failed: npx ttsc --project tsconfig.types.16.json\nCannot read property 'kind' of undefined\n"},{"item":"big.js","response":"success"},{"item":"bigi","response":"success"},{"item":"bigint","response":"error","message":"Error: Command failed: npx ttsc --project tsconfig.types.16.json\nCannot read property '0' of undefined\n"},{"item":"bignum","response":"warning","message":"\u001b[33mWARNING\u001b[39m: Transformer - Not supported type: BigIntKeyword - it will convert to null\n\u001b[33mWARNING\u001b[39m: Transformer - Not supported type: BigIntKeyword - it will convert to null\n\u001b[33mWARNING\u001b[39m: Transformer - Not supported type: BigIntKeyword - it will convert to null\n\u001b[33mWARNING\u001b[39m: Transformer - Not supported type: BigIntKeyword - it will convert to null"},{"item":"bigscreen","response":"success"},{"item":"bin-pack","response":"success"},{"item":"binary-parse-stream","response":"error","message":"Error: Command failed: npx ttsc --project tsconfig.types.16.json\nCannot read property '0' of undefined\n"},{"item":"binary-parser","response":"warning","message":"\u001b[33mWARNING\u001b[39m: Transformer - Not supported type: ConditionalType - it will convert to null\n\u001b[33mWARNING\u001b[39m: Transformer - Not supported type: ConditionalType - it will convert to null\n\u001b[33mWARNING\u001b[39m: Transformer - Not supported type: BigIntKeyword - it will convert to null\n\u001b[33mWARNING\u001b[39m: Transformer - Not supported type: BigIntKeyword - it will convert to null\n\u001b[33mWARNING\u001b[39m: Transformer - Not supported type: BigIntKeyword - it will convert to null\n\u001b[33mWARNING\u001b[39m: Transformer - Not supported type: BigIntKeyword - it will convert to null\n\u001b[33mWARNING\u001b[39m: Transformer - Not supported type: ConditionalType - it will convert to null\n\u001b[33mWARNING\u001b[39m: Transformer - Not supported type: ConditionalType - it will convert to null\n\u001b[33mWARNING\u001b[39m: Transformer - Not supported type: ConditionalType - it will convert to null"},{"item":"binaryextensions","response":"success"},{"item":"bind-ponyfill","response":"success"},{"item":"bindings","response":"success"},{"item":"bintrees","response":"error","message":"Error: Command failed: npx ttsc --project tsconfig.types.17.json\nCannot read property '0' of undefined\n"},{"item":"bip21","response":"success"},{"item":"bip38","response":"warning","message":"\u001b[33mWARNING\u001b[39m: Transformer - Not supported type: BigIntKeyword - it will convert to null\n\u001b[33mWARNING\u001b[39m: Transformer - Not supported type: BigIntKeyword - it will convert to null\n\u001b[33mWARNING\u001b[39m: Transformer - Not supported type: BigIntKeyword - it will convert to null\n\u001b[33mWARNING\u001b[39m: Transformer - Not supported type: BigIntKeyword - it will convert to null"},{"item":"bit-array","response":"error","message":"Error: Command failed: npx ttsc --project tsconfig.types.17.json\nCannot read property '0' of undefined\n"},{"item":"bit-twiddle","response":"success"},{"item":"bitcore-lib","response":"warning","message":"\u001b[33mWARNING\u001b[39m: Transformer - Not supported type: TypeQuery of ModuleDeclaration - it will convert to null\n\u001b[33mWARNING\u001b[39m: Transformer - Not supported type: TypeQuery of ModuleDeclaration - it will convert to null\n\u001b[33mWARNING\u001b[39m: Transformer - Not supported type: BigIntKeyword - it will convert to null\n\u001b[33mWARNING\u001b[39m: Transformer - Not supported type: BigIntKeyword - it will convert to null\n\u001b[33mWARNING\u001b[39m: Transformer - Not supported type: BigIntKeyword - it will convert to null\n\u001b[33mWARNING\u001b[39m: Transformer - Not supported type: BigIntKeyword - it will convert to null\n\u001b[33mWARNING\u001b[39m: Transformer - Not supported type: TypeQuery of ModuleDeclaration - it will convert to null\n\u001b[33mWARNING\u001b[39m: Transformer - Not supported type: TypeQuery of ModuleDeclaration - it will convert to null"},{"item":"bittorrent-protocol","response":"warning","message":"\u001b[33mWARNING\u001b[39m: Transformer - Not supported type: BigIntKeyword - it will convert to null\n\u001b[33mWARNING\u001b[39m: Transformer - Not supported type: BigIntKeyword - it will convert to null\n\u001b[33mWARNING\u001b[39m: Transformer - Not supported type: BigIntKeyword - it will convert to null\n\u001b[33mWARNING\u001b[39m: Transformer - Not supported type: BigIntKeyword - it will convert to null"},{"item":"bitwise-xor","response":"warning","message":"\u001b[33mWARNING\u001b[39m: Transformer - Not supported type: BigIntKeyword - it will convert to null\n\u001b[33mWARNING\u001b[39m: Transformer - Not supported type: BigIntKeyword - it will convert to null\n\u001b[33mWARNING\u001b[39m: Transformer - Not supported type: BigIntKeyword - it will convert to null\n\u001b[33mWARNING\u001b[39m: Transformer - Not supported type: BigIntKeyword - it will convert to null"},{"item":"bl","response":"warning","message":"\u001b[33mWARNING\u001b[39m: Transformer - Not supported type: BigIntKeyword - it will convert to null\n\u001b[33mWARNING\u001b[39m: Transformer - Not supported type: BigIntKeyword - it will convert to null\n\u001b[33mWARNING\u001b[39m: Transformer - Not supported type: BigIntKeyword - it will convert to null\n\u001b[33mWARNING\u001b[39m: Transformer - Not supported type: BigIntKeyword - it will convert to null"},{"item":"blacklist","response":"success"},{"item":"blake2","response":"success"},{"item":"blazy","response":"error","message":"Error: Command failed: npx ttsc --project tsconfig.types.17.json\nCannot read property '0' of undefined\n"},{"item":"bleno","response":"warning","message":"\u001b[33mWARNING\u001b[39m: Transformer - Not supported type: BigIntKeyword - it will convert to null\n\u001b[33mWARNING\u001b[39m: Transformer - Not supported type: BigIntKeyword - it will convert to null\n\u001b[33mWARNING\u001b[39m: Transformer - Not supported type: BigIntKeyword - it will convert to null\n\u001b[33mWARNING\u001b[39m: Transformer - Not supported type: BigIntKeyword - it will convert to null"},{"item":"blessed","response":"warning","message":"\u001b[33mWARNING\u001b[39m: Transformer - Not supported type: TypeQuery of ModuleDeclaration - it will convert to null\n\u001b[33mWARNING\u001b[39m: Transformer - Not supported type: TypeQuery of ModuleDeclaration - it will convert to null"},{"item":"blip-sdk","response":"warning","message":"\u001b[33mWARNING\u001b[39m: Transformer - Not supported type: TypeQuery of ModuleDeclaration - it will convert to null"},{"item":"blissfuljs","response":"error","message":"Error: Command failed: npx ttsc --project tsconfig.types.17.json\nCannot read property '0' of undefined\n"},{"item":"blob-stream","response":"success"},{"item":"blob-to-buffer","response":"success"},{"item":"blocked","response":"success"},{"item":"blockies","response":"success"},{"item":"blocks","response":"error","message":"Error: Command failed: npx ttsc --project tsconfig.types.17.json\nCannot read property '0' of undefined\n"},{"item":"bloem","response":"success"},{"item":"bloom-filter","response":"warning","message":"\u001b[33mWARNING\u001b[39m: Transformer - Not supported type: BigIntKeyword - it will convert to null\n\u001b[33mWARNING\u001b[39m: Transformer - Not supported type: BigIntKeyword - it will convert to null\n\u001b[33mWARNING\u001b[39m: Transformer - Not supported type: BigIntKeyword - it will convert to null\n\u001b[33mWARNING\u001b[39m: Transformer - Not supported type: BigIntKeyword - it will convert to null"},{"item":"bloomfilter","response":"success"},{"item":"blue-tape","response":"error","message":"Error: Command failed: npx ttsc --project tsconfig.types.18.json\nCannot read property '0' of undefined\n"},{"item":"bluebird","response":"error","message":"Error: Command failed: npx ttsc --project tsconfig.types.18.json\nCannot read property 'declarations' of undefined\n\n\u001b[33mWARNING\u001b[39m: Transformer - Not supported type: ConditionalType - it will convert to null\n"},{"item":"bluebird-global","response":"success"},{"item":"bluebird-retry","response":"error","message":"Error: Command failed: npx ttsc --project tsconfig.types.18.json\nCannot read property 'find' of undefined\n"},{"item":"blueimp-load-image","response":"success"},{"item":"blueimp-md5","response":"success"},{"item":"bmp-js","response":"warning","message":"\u001b[33mWARNING\u001b[39m: Transformer - Not supported type: BigIntKeyword - it will convert to null\n\u001b[33mWARNING\u001b[39m: Transformer - Not supported type: BigIntKeyword - it will convert to null\n\u001b[33mWARNING\u001b[39m: Transformer - Not supported type: BigIntKeyword - it will convert to null\n\u001b[33mWARNING\u001b[39m: Transformer - Not supported type: BigIntKeyword - it will convert to null"},{"item":"bn.js","response":"error","message":"Error: Command failed: npx ttsc --project tsconfig.types.18.json\nCannot read property '0' of undefined\n"},{"item":"body-parser","response":"error","message":"Error: Command failed: npx ttsc --project tsconfig.types.18.json\nCannot read property 'find' of undefined\n"},{"item":"body-parser-xml","response":"error","message":"Error: Command failed: npx ttsc --project tsconfig.types.18.json\n\n../DefinitelyTyped/types/body-parser-xml/index.d.ts(7,65): error TS2307: Cannot find module 'express'.\n"},{"item":"body-scroll-lock","response":"success"},{"item":"bonjour","response":"error","message":"Error: Command failed: npx ttsc --project tsconfig.types.18.json\nCannot read property 'kind' of undefined\n"},{"item":"bookshelf","response":"error","message":"Error: Command failed: npx ttsc --project tsconfig.types.18.json\nMaximum call stack size exceeded\n"},{"item":"boolify-string","response":"success"},{"item":"boom","response":"success"},{"item":"bootbox","response":"error","message":"Error: Command failed: npx ttsc --project tsconfig.types.18.json\nCannot read property '0' of undefined\n"},{"item":"bootpag","response":"error","message":"Error: Command failed: npx ttsc --project tsconfig.types.18.json\nCannot read property '0' of undefined\n"},{"item":"bootstrap","response":"error","message":"Error: Command failed: npx ttsc --project tsconfig.types.18.json\nCannot read property 'kind' of undefined\n"},{"item":"bootstrap-3-typeahead","response":"error","message":"Error: Command failed: npx ttsc --project tsconfig.types.18.json\nCannot read property '0' of undefined\n"},{"item":"bootstrap-colorpicker","response":"error","message":"Error: Command failed: npx ttsc --project tsconfig.types.18.json\nCannot read property '0' of undefined\n"},{"item":"bootstrap-datepicker","response":"error","message":"Error: Command failed: npx ttsc --project tsconfig.types.18.json\nCannot read property '0' of undefined\n"},{"item":"bootstrap-fileinput","response":"error","message":"Error: Command failed: npx ttsc --project tsconfig.types.18.json\nCannot read property 'declarations' of undefined\n"},{"item":"bootstrap-growl-ifightcrime","response":"error","message":"Error: Command failed: npx ttsc --project tsconfig.types.18.json\nCannot read property '0' of undefined\n"},{"item":"bootstrap-maxlength","response":"error","message":"Error: Command failed: npx ttsc --project tsconfig.types.18.json\nCannot read property '0' of undefined\n"},{"item":"bootstrap-menu","response":"error","message":"Error: Command failed: npx ttsc --project tsconfig.types.19.json\nCannot read property '0' of undefined\n"},{"item":"bootstrap-notify","response":"error","message":"Error: Command failed: npx ttsc --project tsconfig.types.19.json\nCannot read property '0' of undefined\n"},{"item":"bootstrap-select","response":"error","message":"Error: Command failed: npx ttsc --project tsconfig.types.19.json\nCannot read property '0' of undefined\n"},{"item":"bootstrap-slider","response":"error","message":"Error: Command failed: npx ttsc --project tsconfig.types.19.json\nCannot read property '0' of undefined\n"},{"item":"bootstrap-switch","response":"error","message":"Error: Command failed: npx ttsc --project tsconfig.types.19.json\nCannot read property '0' of undefined\n"},{"item":"bootstrap-toggle","response":"error","message":"Error: Command failed: npx ttsc --project tsconfig.types.19.json\nCannot read property '0' of undefined\n"},{"item":"bootstrap-touchspin","response":"error","message":"Error: Command failed: npx ttsc --project tsconfig.types.19.json\nCannot read property '0' of undefined\n"},{"item":"bootstrap-treeview","response":"error","message":"Error: Command failed: npx ttsc --project tsconfig.types.19.json\nCannot read property '0' of undefined\n"},{"item":"bootstrap-validator","response":"error","message":"Error: Command failed: npx ttsc --project tsconfig.types.19.json\nCannot read property '0' of undefined\n"},{"item":"bootstrap.paginator","response":"error","message":"Error: Command failed: npx ttsc --project tsconfig.types.19.json\nCannot read property '0' of undefined\n"},{"item":"bootstrap.timepicker","response":"error","message":"Error: Command failed: npx ttsc --project tsconfig.types.19.json\nCannot read property '0' of undefined\n"},{"item":"bootstrap.v3.datetimepicker","response":"error","message":"Error: Command failed: npx ttsc --project tsconfig.types.19.json\nCannot read property 'declarations' of undefined\n"},{"item":"bootstrap3-dialog","response":"error","message":"Error: Command failed: npx ttsc --project tsconfig.types.19.json\nCannot read property '0' of undefined\n"},{"item":"bounce.js","response":"error","message":"Error: Command failed: npx ttsc --project tsconfig.types.19.json\n\n../DefinitelyTyped/types/bounce.js/index.d.ts(7,23): error TS2688: Cannot find type definition file for 'jquery'.\n../DefinitelyTyped/types/bounce.js/index.d.ts(62,23): error TS2304: Cannot find name 'JQuery'.\n../DefinitelyTyped/types/bounce.js/index.d.ts(62,60): error TS2304: Cannot find name 'JQueryPromise'.\n"},{"item":"box2d","response":"error","message":"Error: Command failed: npx ttsc --project tsconfig.types.19.json\nCannot read property '0' of undefined\n"},{"item":"bpmn-moddle","response":"error","message":"Error: Command failed: npx ttsc --project tsconfig.types.19.json\nCannot read property 'declarations' of undefined\n\n\u001b[33mWARNING\u001b[39m: Transformer - Not supported type: TypeOperator - it will convert to null\n"},{"item":"brace-expansion","response":"success"},{"item":"braces","response":"success"},{"item":"brainhubeu__react-carousel","response":"error","message":"Error: Command failed: npx ttsc --project tsconfig.types.19.json\nCannot read property 'find' of undefined\n"},{"item":"braintree","response":"error","message":"Error: Command failed: npx ttsc --project tsconfig.types.19.json\nCannot read property 'kind' of undefined\n\n\u001b[33mWARNING\u001b[39m: Transformer - Not supported type: ConditionalType - it will convert to null\n\u001b[33mWARNING\u001b[39m: Transformer - Not supported type: ConditionalType - it will convert to null\n\u001b[33mWARNING\u001b[39m: Transformer - Not supported type: ConditionalType - it will convert to null\n\u001b[33mWARNING\u001b[39m: Transformer - Not supported type: ConditionalType - it will convert to null\n\u001b[33mWARNING\u001b[39m: Transformer - Not supported type: ConditionalType - it will convert to null\n\u001b[33mWARNING\u001b[39m: Transformer - Not supported type: ConditionalType - it will convert to null\n\u001b[33mWARNING\u001b[39m: Transformer - Not supported type: ConditionalType - it will convert to null\n\u001b[33mWARNING\u001b[39m: Transformer - Not supported type: ConditionalType - it will convert to null\n\u001b[33mWARNING\u001b[39m: Transformer - Not supported type: ConditionalType - it will convert to null\n\u001b[33mWARNING\u001b[39m: Transformer - Not supported type: ConditionalType - it will convert to null\n\u001b[33mWARNING\u001b[39m: Transformer - Not supported type: ConditionalType - it will convert to null\n"},{"item":"braintree-web","response":"warning","message":"\u001b[33mWARNING\u001b[39m: Transformer - Not supported type: TypeQuery of ModuleDeclaration - it will convert to null"},{"item":"braintree-web-drop-in","response":"success"},{"item":"breeze","response":"error","message":"Error: Command failed: npx ttsc --project tsconfig.types.19.json\nCannot read property '0' of undefined\n"},{"item":"bricks.js","response":"success"},{"item":"bristol","response":"success"}]